OpenROAD 4174c3ad802d2ac1d04d387d2c4b883903f6647e 
This program is licensed under the BSD-3 license. See the LICENSE file for details.
Components of this program may be licensed under more restrictive licenses which must be honored.
[INFO ODB-0222] Reading LEF file: /local_disk/fossi_cochlea/openlane/user_project_wrapper/runs/22_09_12_16_44/tmp/merged.min.lef
[WARNING ODB-0220] WARNING (LEFPARS-2036): SOURCE statement is obsolete in version 5.6 and later.
The LEF parser will ignore this statement.
To avoid this warning in the future, remove this statement from the LEF file with version 5.6 or later. See file /local_disk/fossi_cochlea/openlane/user_project_wrapper/runs/22_09_12_16_44/tmp/merged.min.lef at line 68342.

[INFO ODB-0223]     Created 13 technology layers
[INFO ODB-0224]     Created 25 technology vias
[INFO ODB-0225]     Created 442 library cells
[INFO ODB-0226] Finished LEF file:  /local_disk/fossi_cochlea/openlane/user_project_wrapper/runs/22_09_12_16_44/tmp/merged.min.lef
[INFO ODB-0127] Reading DEF file: /local_disk/fossi_cochlea/openlane/user_project_wrapper/runs/22_09_12_16_44/results/routing/user_project_wrapper.def
[INFO ODB-0128] Design: user_project_wrapper
[INFO ODB-0094] 		Created 100000 Insts
[INFO ODB-0130]     Created 645 pins.
[INFO ODB-0131]     Created 125746 components and 258510 component-terminals.
[INFO ODB-0132]     Created 8 special nets and 257880 connections.
[INFO ODB-0133]     Created 637 nets and 42 connections.
[INFO ODB-0134] Finished DEF file: /local_disk/fossi_cochlea/openlane/user_project_wrapper/runs/22_09_12_16_44/results/routing/user_project_wrapper.def
Using RCX ruleset '/local_disk/fossi_cochlea/dependencies/pdks/sky130B/libs.tech/openlane/rules.openrcx.sky130B.min.spef_extractor'...
[INFO RCX-0431] Defined process_corner X with ext_model_index 0
[INFO RCX-0029] Defined extraction corner X
[INFO RCX-0008] extracting parasitics of user_project_wrapper ...
[INFO RCX-0435] Reading extraction model file /local_disk/fossi_cochlea/dependencies/pdks/sky130B/libs.tech/openlane/rules.openrcx.sky130B.min.spef_extractor ...
[INFO RCX-0436] RC segment generation user_project_wrapper (max_merge_res 50.0) ...
[INFO RCX-0040] Final 169 rc segments
[INFO RCX-0439] Coupling Cap extraction user_project_wrapper ...
[INFO RCX-0440] Coupling threshhold is 0.1000 fF, coupling capacitance less than 0.1000 fF will be grounded.
[INFO RCX-0043] 786 wires to be extracted
[INFO RCX-0442] 8% completion -- 65 wires have been extracted
[INFO RCX-0442] 15% completion -- 124 wires have been extracted
[INFO RCX-0442] 22% completion -- 179 wires have been extracted
[INFO RCX-0442] 31% completion -- 247 wires have been extracted
[INFO RCX-0442] 46% completion -- 366 wires have been extracted
[INFO RCX-0442] 61% completion -- 480 wires have been extracted
[INFO RCX-0442] 77% completion -- 610 wires have been extracted
[INFO RCX-0442] 95% completion -- 752 wires have been extracted
[INFO RCX-0045] Extract 643 nets, 196 rsegs, 196 caps, 108 ccs
[INFO RCX-0015] Finished extracting user_project_wrapper.
Writing result to /local_disk/fossi_cochlea/openlane/user_project_wrapper/runs/22_09_12_16_44/results/routing/user_project_wrapper.min.spef...
[INFO RCX-0016] Writing SPEF ...
[INFO RCX-0443] 637 nets finished
[INFO RCX-0017] Finished writing SPEF ...
