Netgen 1.5.227 compiled on Fri Sep  2 09:22:14 UTC 2022
Warning: netgen command 'format' use fully-qualified name '::netgen::format'
Warning: netgen command 'global' use fully-qualified name '::netgen::global'
Generating JSON file result
Reading netlist file /local_disk/fossi_cochlea/openlane/user_project_wrapper/runs/22_09_12_16_44/results/signoff/user_project_wrapper.spice
Reading netlist file /local_disk/fossi_cochlea/openlane/user_project_wrapper/runs/22_09_12_16_44/tmp/signoff/31-powered_netlist.v
Warning:  A case-insensitive file has been read and so the	verilog file must be treated case-insensitive to match.
Creating placeholder cell definition for module sky130_fd_sc_hd__decap_3.
Creating placeholder cell definition for module sky130_fd_sc_hd__tapvpwrvgnd_1.
Creating placeholder cell definition for module digital_unison.
Reading setup file /local_disk/fossi_cochlea/dependencies/pdks/sky130B/libs.tech/netgen/sky130B_setup.tcl
Comparison output logged to file /local_disk/fossi_cochlea/openlane/user_project_wrapper/runs/22_09_12_16_44/logs/signoff/34-user_project_wrapper.lef.log
Logging to file "/local_disk/fossi_cochlea/openlane/user_project_wrapper/runs/22_09_12_16_44/logs/signoff/34-user_project_wrapper.lef.log" enabled
Circuit sky130_fd_sc_hd__tapvpwrvgnd_1 contains no devices.
Circuit sky130_fd_sc_hd__decap_3 contains no devices.
Circuit digital_unison contains no devices.

Contents of circuit 1:  Circuit: 'user_project_wrapper'
Circuit user_project_wrapper contains 125746 device instances.
  Class: sky130_fd_sc_hd__decap_3 instances: 3200
  Class: digital_unison        instances:   6
  Class: sky130_fd_sc_hd__tapvpwrvgnd_1 instances: 122540
Circuit contains 143370 nets, and 617 disconnected pins.
Contents of circuit 2:  Circuit: 'user_project_wrapper'
Circuit user_project_wrapper contains 125746 device instances.
  Class: sky130_fd_sc_hd__decap_3 instances: 3200
  Class: digital_unison        instances:   6
  Class: sky130_fd_sc_hd__tapvpwrvgnd_1 instances: 122540
Circuit contains 605 nets, and 616 disconnected pins.

Circuit was modified by parallel/series device merging.
New circuit summary:

Contents of circuit 1:  Circuit: 'user_project_wrapper'
Circuit user_project_wrapper contains 4029 device instances.
  Class: sky130_fd_sc_hd__decap_3 instances: 3200
  Class: digital_unison        instances:   6
  Class: sky130_fd_sc_hd__tapvpwrvgnd_1 instances: 823
Circuit contains 143370 nets, and 617 disconnected pins.
Contents of circuit 2:  Circuit: 'user_project_wrapper'
Circuit user_project_wrapper contains 8 device instances.
  Class: sky130_fd_sc_hd__decap_3 instances:   1
  Class: digital_unison        instances:   6
  Class: sky130_fd_sc_hd__tapvpwrvgnd_1 instances:   1
Circuit contains 605 nets, and 616 disconnected pins.

Circuit 1 contains 4029 devices, Circuit 2 contains 8 devices. *** MISMATCH ***
Circuit 1 contains 6257 nets,    Circuit 2 contains 605 nets. *** MISMATCH ***

Result: Netlists do not match.
Logging to file "/local_disk/fossi_cochlea/openlane/user_project_wrapper/runs/22_09_12_16_44/logs/signoff/34-user_project_wrapper.lef.log" disabled
LVS Done.
