Equate elements:  no current cell.
Equate elements:  no current cell.
Equate elements:  no current cell.
Equate elements:  no current cell.
Flattening unmatched subcell comp_clks in circuit filter_clkgen_x.spice (1)(3 instances)
Flattening unmatched subcell transmission_gate in circuit filter_clkgen_x.spice (1)(3 instances)
Flattening unmatched subcell inv in circuit filter_clkgen_x.spice (1)(6 instances)
Flattening unmatched subcell comp_clks_1stage in circuit filter_clkgen_x.spice (1)(1 instance)
Flattening unmatched subcell transmission_gate in circuit filter_clkgen_x.spice (1)(1 instance)
Flattening unmatched subcell inv in circuit filter_clkgen_x.spice (1)(1 instance)
Flattening unmatched subcell inv_weak_pulldown in circuit filter_clkgen_x.spice (1)(4 instances)
Flattening unmatched subcell inv_weak_pullup in circuit filter_clkgen_x.spice (1)(2 instances)

Subcircuit summary:
Circuit 1: filter_clkgen.spice             |Circuit 2: filter_clkgen_x.spice           
-------------------------------------------|-------------------------------------------
sky130_fd_pr__nfet_01v8 (24)               |sky130_fd_pr__nfet_01v8 (24)               
sky130_fd_pr__pfet_01v8 (22)               |sky130_fd_pr__pfet_01v8 (22)               
sky130_fd_sc_lp__dfrbp_1 (1)               |sky130_fd_sc_lp__dfrbp_1 (1)               
sky130_fd_sc_lp__and2_1 (1)                |sky130_fd_sc_lp__and2_1 (1)                
Number of devices: 48                      |Number of devices: 48                      
Number of nets: 35                         |Number of nets: 35                         
---------------------------------------------------------------------------------------
Circuits match uniquely.
Property errors were found.
Netlists match uniquely.
There were property errors.
sky130_fd_pr__pfet_01v811 vs. comp_clks4/inv2/sky130_fd_pr__pfet_01v8M2:
 l circuit1: 30   circuit2: 0.18   (delta=198%, cutoff=0%)
 w circuit1: 84   circuit2: 3   (delta=186%, cutoff=0%)
 ps circuit1: "0"   (unresolved expression)  (property type mismatch)
 as circuit1: "0"   (unresolved expression)  (property type mismatch)
 pd circuit1: "0"   (unresolved expression)  (property type mismatch)
 ad circuit1: "0"   (unresolved expression)  (property type mismatch)
sky130_fd_pr__pfet_01v811 vs. comp_clks4/inv2/sky130_fd_pr__pfet_01v8M2:
Property mult in circuit2 has no matching property in circuit1
sky130_fd_pr__pfet_01v811 vs. comp_clks4/inv2/sky130_fd_pr__pfet_01v8M2:
Property sd in circuit2 has no matching property in circuit1
sky130_fd_pr__pfet_01v811 vs. comp_clks4/inv2/sky130_fd_pr__pfet_01v8M2:
Property sb in circuit2 has no matching property in circuit1
sky130_fd_pr__pfet_01v811 vs. comp_clks4/inv2/sky130_fd_pr__pfet_01v8M2:
Property sa in circuit2 has no matching property in circuit1
sky130_fd_pr__pfet_01v811 vs. comp_clks4/inv2/sky130_fd_pr__pfet_01v8M2:
Property nrs in circuit2 has no matching property in circuit1
sky130_fd_pr__pfet_01v811 vs. comp_clks4/inv2/sky130_fd_pr__pfet_01v8M2:
Property nrd in circuit2 has no matching property in circuit1
sky130_fd_pr__pfet_01v811 vs. comp_clks4/inv2/sky130_fd_pr__pfet_01v8M2:
Property nf in circuit2 has no matching property in circuit1
sky130_fd_pr__pfet_01v830 vs. comp_clks7/inv2/sky130_fd_pr__pfet_01v8M2:
 l circuit1: 30   circuit2: 0.18   (delta=198%, cutoff=0%)
 w circuit1: 84   circuit2: 3   (delta=186%, cutoff=0%)
 ps circuit1: "0"   (unresolved expression)  (property type mismatch)
 as circuit1: "0"   (unresolved expression)  (property type mismatch)
 pd circuit1: "0"   (unresolved expression)  (property type mismatch)
 ad circuit1: "0"   (unresolved expression)  (property type mismatch)
sky130_fd_pr__pfet_01v830 vs. comp_clks7/inv2/sky130_fd_pr__pfet_01v8M2:
Property mult in circuit2 has no matching property in circuit1
sky130_fd_pr__pfet_01v830 vs. comp_clks7/inv2/sky130_fd_pr__pfet_01v8M2:
Property sd in circuit2 has no matching property in circuit1
sky130_fd_pr__pfet_01v830 vs. comp_clks7/inv2/sky130_fd_pr__pfet_01v8M2:
Property sb in circuit2 has no matching property in circuit1
sky130_fd_pr__pfet_01v830 vs. comp_clks7/inv2/sky130_fd_pr__pfet_01v8M2:
Property sa in circuit2 has no matching property in circuit1
sky130_fd_pr__pfet_01v830 vs. comp_clks7/inv2/sky130_fd_pr__pfet_01v8M2:
Property nrs in circuit2 has no matching property in circuit1
sky130_fd_pr__pfet_01v830 vs. comp_clks7/inv2/sky130_fd_pr__pfet_01v8M2:
Property nrd in circuit2 has no matching property in circuit1
sky130_fd_pr__pfet_01v830 vs. comp_clks7/inv2/sky130_fd_pr__pfet_01v8M2:
Property nf in circuit2 has no matching property in circuit1
sky130_fd_pr__pfet_01v83 vs. comp_clks10/inv2/sky130_fd_pr__pfet_01v8M2:
 l circuit1: 30   circuit2: 0.18   (delta=198%, cutoff=0%)
 w circuit1: 84   circuit2: 3   (delta=186%, cutoff=0%)
 ps circuit1: "0"   (unresolved expression)  (property type mismatch)
 as circuit1: "0"   (unresolved expression)  (property type mismatch)
 pd circuit1: "0"   (unresolved expression)  (property type mismatch)
 ad circuit1: "0"   (unresolved expression)  (property type mismatch)
sky130_fd_pr__pfet_01v83 vs. comp_clks10/inv2/sky130_fd_pr__pfet_01v8M2:
Property mult in circuit2 has no matching property in circuit1
sky130_fd_pr__pfet_01v83 vs. comp_clks10/inv2/sky130_fd_pr__pfet_01v8M2:
Property sd in circuit2 has no matching property in circuit1
sky130_fd_pr__pfet_01v83 vs. comp_clks10/inv2/sky130_fd_pr__pfet_01v8M2:
Property sb in circuit2 has no matching property in circuit1
sky130_fd_pr__pfet_01v83 vs. comp_clks10/inv2/sky130_fd_pr__pfet_01v8M2:
Property sa in circuit2 has no matching property in circuit1
sky130_fd_pr__pfet_01v83 vs. comp_clks10/inv2/sky130_fd_pr__pfet_01v8M2:
Property nrs in circuit2 has no matching property in circuit1
sky130_fd_pr__pfet_01v83 vs. comp_clks10/inv2/sky130_fd_pr__pfet_01v8M2:
Property nrd in circuit2 has no matching property in circuit1
sky130_fd_pr__pfet_01v83 vs. comp_clks10/inv2/sky130_fd_pr__pfet_01v8M2:
Property nf in circuit2 has no matching property in circuit1
sky130_fd_pr__pfet_01v819 vs. comp_clks_1stage1/transmission_gate3/sky130_fd_pr__pfet_01v8M2:
 l circuit1: 30   circuit2: 0.18   (delta=198%, cutoff=0%)
 w circuit1: 84   circuit2: 0.42   (delta=198%, cutoff=0%)
 ps circuit1: "0"   (unresolved expression)  (property type mismatch)
 as circuit1: "0"   (unresolved expression)  (property type mismatch)
 pd circuit1: "0"   (unresolved expression)  (property type mismatch)
 ad circuit1: "0"   (unresolved expression)  (property type mismatch)
sky130_fd_pr__pfet_01v819 vs. comp_clks_1stage1/transmission_gate3/sky130_fd_pr__pfet_01v8M2:
Property mult in circuit2 has no matching property in circuit1
sky130_fd_pr__pfet_01v819 vs. comp_clks_1stage1/transmission_gate3/sky130_fd_pr__pfet_01v8M2:
Property sd in circuit2 has no matching property in circuit1
sky130_fd_pr__pfet_01v819 vs. comp_clks_1stage1/transmission_gate3/sky130_fd_pr__pfet_01v8M2:
Property sb in circuit2 has no matching property in circuit1
sky130_fd_pr__pfet_01v819 vs. comp_clks_1stage1/transmission_gate3/sky130_fd_pr__pfet_01v8M2:
Property sa in circuit2 has no matching property in circuit1
sky130_fd_pr__pfet_01v819 vs. comp_clks_1stage1/transmission_gate3/sky130_fd_pr__pfet_01v8M2:
Property nrs in circuit2 has no matching property in circuit1
sky130_fd_pr__pfet_01v819 vs. comp_clks_1stage1/transmission_gate3/sky130_fd_pr__pfet_01v8M2:
Property nrd in circuit2 has no matching property in circuit1
sky130_fd_pr__pfet_01v819 vs. comp_clks_1stage1/transmission_gate3/sky130_fd_pr__pfet_01v8M2:
Property nf in circuit2 has no matching property in circuit1
sky130_fd_pr__pfet_01v828 vs. comp_clks7/transmission_gate3/sky130_fd_pr__pfet_01v8M2:
 l circuit1: 30   circuit2: 0.18   (delta=198%, cutoff=0%)
 w circuit1: 84   circuit2: 0.42   (delta=198%, cutoff=0%)
 ps circuit1: "0"   (unresolved expression)  (property type mismatch)
 as circuit1: "0"   (unresolved expression)  (property type mismatch)
 pd circuit1: "0"   (unresolved expression)  (property type mismatch)
 ad circuit1: "0"   (unresolved expression)  (property type mismatch)
sky130_fd_pr__pfet_01v828 vs. comp_clks7/transmission_gate3/sky130_fd_pr__pfet_01v8M2:
Property mult in circuit2 has no matching property in circuit1
sky130_fd_pr__pfet_01v828 vs. comp_clks7/transmission_gate3/sky130_fd_pr__pfet_01v8M2:
Property sd in circuit2 has no matching property in circuit1
sky130_fd_pr__pfet_01v828 vs. comp_clks7/transmission_gate3/sky130_fd_pr__pfet_01v8M2:
Property sb in circuit2 has no matching property in circuit1
sky130_fd_pr__pfet_01v828 vs. comp_clks7/transmission_gate3/sky130_fd_pr__pfet_01v8M2:
Property sa in circuit2 has no matching property in circuit1
sky130_fd_pr__pfet_01v828 vs. comp_clks7/transmission_gate3/sky130_fd_pr__pfet_01v8M2:
Property nrs in circuit2 has no matching property in circuit1
sky130_fd_pr__pfet_01v828 vs. comp_clks7/transmission_gate3/sky130_fd_pr__pfet_01v8M2:
Property nrd in circuit2 has no matching property in circuit1
sky130_fd_pr__pfet_01v828 vs. comp_clks7/transmission_gate3/sky130_fd_pr__pfet_01v8M2:
Property nf in circuit2 has no matching property in circuit1
sky130_fd_pr__pfet_01v813 vs. comp_clks4/transmission_gate3/sky130_fd_pr__pfet_01v8M2:
 l circuit1: 30   circuit2: 0.18   (delta=198%, cutoff=0%)
 w circuit1: 84   circuit2: 0.42   (delta=198%, cutoff=0%)
 ps circuit1: "0"   (unresolved expression)  (property type mismatch)
 as circuit1: "-0"   (unresolved expression)  (property type mismatch)
 pd circuit1: "0"   (unresolved expression)  (property type mismatch)
 ad circuit1: "0"   (unresolved expression)  (property type mismatch)
sky130_fd_pr__pfet_01v813 vs. comp_clks4/transmission_gate3/sky130_fd_pr__pfet_01v8M2:
Property mult in circuit2 has no matching property in circuit1
sky130_fd_pr__pfet_01v813 vs. comp_clks4/transmission_gate3/sky130_fd_pr__pfet_01v8M2:
Property sd in circuit2 has no matching property in circuit1
sky130_fd_pr__pfet_01v813 vs. comp_clks4/transmission_gate3/sky130_fd_pr__pfet_01v8M2:
Property sb in circuit2 has no matching property in circuit1
sky130_fd_pr__pfet_01v813 vs. comp_clks4/transmission_gate3/sky130_fd_pr__pfet_01v8M2:
Property sa in circuit2 has no matching property in circuit1
sky130_fd_pr__pfet_01v813 vs. comp_clks4/transmission_gate3/sky130_fd_pr__pfet_01v8M2:
Property nrs in circuit2 has no matching property in circuit1
sky130_fd_pr__pfet_01v813 vs. comp_clks4/transmission_gate3/sky130_fd_pr__pfet_01v8M2:
Property nrd in circuit2 has no matching property in circuit1
sky130_fd_pr__pfet_01v813 vs. comp_clks4/transmission_gate3/sky130_fd_pr__pfet_01v8M2:
Property nf in circuit2 has no matching property in circuit1
sky130_fd_pr__pfet_01v85 vs. comp_clks10/transmission_gate3/sky130_fd_pr__pfet_01v8M2:
 l circuit1: 30   circuit2: 0.18   (delta=198%, cutoff=0%)
 w circuit1: 84   circuit2: 0.42   (delta=198%, cutoff=0%)
 ps circuit1: "0"   (unresolved expression)  (property type mismatch)
 as circuit1: "0"   (unresolved expression)  (property type mismatch)
 pd circuit1: "0"   (unresolved expression)  (property type mismatch)
 ad circuit1: "0"   (unresolved expression)  (property type mismatch)
sky130_fd_pr__pfet_01v85 vs. comp_clks10/transmission_gate3/sky130_fd_pr__pfet_01v8M2:
Property mult in circuit2 has no matching property in circuit1
sky130_fd_pr__pfet_01v85 vs. comp_clks10/transmission_gate3/sky130_fd_pr__pfet_01v8M2:
Property sd in circuit2 has no matching property in circuit1
sky130_fd_pr__pfet_01v85 vs. comp_clks10/transmission_gate3/sky130_fd_pr__pfet_01v8M2:
Property sb in circuit2 has no matching property in circuit1
sky130_fd_pr__pfet_01v85 vs. comp_clks10/transmission_gate3/sky130_fd_pr__pfet_01v8M2:
Property sa in circuit2 has no matching property in circuit1
sky130_fd_pr__pfet_01v85 vs. comp_clks10/transmission_gate3/sky130_fd_pr__pfet_01v8M2:
Property nrs in circuit2 has no matching property in circuit1
sky130_fd_pr__pfet_01v85 vs. comp_clks10/transmission_gate3/sky130_fd_pr__pfet_01v8M2:
Property nrd in circuit2 has no matching property in circuit1
sky130_fd_pr__pfet_01v85 vs. comp_clks10/transmission_gate3/sky130_fd_pr__pfet_01v8M2:
Property nf in circuit2 has no matching property in circuit1
sky130_fd_pr__pfet_01v818 vs. comp_clks_1stage1/inv1/sky130_fd_pr__pfet_01v8M2:
 l circuit1: 30   circuit2: 0.18   (delta=198%, cutoff=0%)
 w circuit1: 84   circuit2: 3   (delta=186%, cutoff=0%)
 ps circuit1: "0"   (unresolved expression)  (property type mismatch)
 as circuit1: "0"   (unresolved expression)  (property type mismatch)
 pd circuit1: "0"   (unresolved expression)  (property type mismatch)
 ad circuit1: "0"   (unresolved expression)  (property type mismatch)
sky130_fd_pr__pfet_01v818 vs. comp_clks_1stage1/inv1/sky130_fd_pr__pfet_01v8M2:
Property mult in circuit2 has no matching property in circuit1
sky130_fd_pr__pfet_01v818 vs. comp_clks_1stage1/inv1/sky130_fd_pr__pfet_01v8M2:
Property sd in circuit2 has no matching property in circuit1
sky130_fd_pr__pfet_01v818 vs. comp_clks_1stage1/inv1/sky130_fd_pr__pfet_01v8M2:
Property sb in circuit2 has no matching property in circuit1
sky130_fd_pr__pfet_01v818 vs. comp_clks_1stage1/inv1/sky130_fd_pr__pfet_01v8M2:
Property sa in circuit2 has no matching property in circuit1
sky130_fd_pr__pfet_01v818 vs. comp_clks_1stage1/inv1/sky130_fd_pr__pfet_01v8M2:
Property nrs in circuit2 has no matching property in circuit1
sky130_fd_pr__pfet_01v818 vs. comp_clks_1stage1/inv1/sky130_fd_pr__pfet_01v8M2:
Property nrd in circuit2 has no matching property in circuit1
sky130_fd_pr__pfet_01v818 vs. comp_clks_1stage1/inv1/sky130_fd_pr__pfet_01v8M2:
Property nf in circuit2 has no matching property in circuit1
sky130_fd_pr__pfet_01v826 vs. comp_clks7/inv1/sky130_fd_pr__pfet_01v8M2:
 l circuit1: 30   circuit2: 0.18   (delta=198%, cutoff=0%)
 w circuit1: 84   circuit2: 3   (delta=186%, cutoff=0%)
 ps circuit1: "0"   (unresolved expression)  (property type mismatch)
 as circuit1: "0"   (unresolved expression)  (property type mismatch)
 pd circuit1: "0"   (unresolved expression)  (property type mismatch)
 ad circuit1: "0"   (unresolved expression)  (property type mismatch)
sky130_fd_pr__pfet_01v826 vs. comp_clks7/inv1/sky130_fd_pr__pfet_01v8M2:
Property mult in circuit2 has no matching property in circuit1
sky130_fd_pr__pfet_01v826 vs. comp_clks7/inv1/sky130_fd_pr__pfet_01v8M2:
Property sd in circuit2 has no matching property in circuit1
sky130_fd_pr__pfet_01v826 vs. comp_clks7/inv1/sky130_fd_pr__pfet_01v8M2:
Property sb in circuit2 has no matching property in circuit1
sky130_fd_pr__pfet_01v826 vs. comp_clks7/inv1/sky130_fd_pr__pfet_01v8M2:
Property sa in circuit2 has no matching property in circuit1
sky130_fd_pr__pfet_01v826 vs. comp_clks7/inv1/sky130_fd_pr__pfet_01v8M2:
Property nrs in circuit2 has no matching property in circuit1
sky130_fd_pr__pfet_01v826 vs. comp_clks7/inv1/sky130_fd_pr__pfet_01v8M2:
Property nrd in circuit2 has no matching property in circuit1
sky130_fd_pr__pfet_01v826 vs. comp_clks7/inv1/sky130_fd_pr__pfet_01v8M2:
Property nf in circuit2 has no matching property in circuit1
sky130_fd_pr__pfet_01v812 vs. comp_clks4/inv1/sky130_fd_pr__pfet_01v8M2:
 l circuit1: 30   circuit2: 0.18   (delta=198%, cutoff=0%)
 w circuit1: 84   circuit2: 3   (delta=186%, cutoff=0%)
 ps circuit1: "0"   (unresolved expression)  (property type mismatch)
 as circuit1: "0"   (unresolved expression)  (property type mismatch)
 pd circuit1: "0"   (unresolved expression)  (property type mismatch)
 ad circuit1: "0"   (unresolved expression)  (property type mismatch)
sky130_fd_pr__pfet_01v812 vs. comp_clks4/inv1/sky130_fd_pr__pfet_01v8M2:
Property mult in circuit2 has no matching property in circuit1
sky130_fd_pr__pfet_01v812 vs. comp_clks4/inv1/sky130_fd_pr__pfet_01v8M2:
Property sd in circuit2 has no matching property in circuit1
sky130_fd_pr__pfet_01v812 vs. comp_clks4/inv1/sky130_fd_pr__pfet_01v8M2:
Property sb in circuit2 has no matching property in circuit1
sky130_fd_pr__pfet_01v812 vs. comp_clks4/inv1/sky130_fd_pr__pfet_01v8M2:
Property sa in circuit2 has no matching property in circuit1
sky130_fd_pr__pfet_01v812 vs. comp_clks4/inv1/sky130_fd_pr__pfet_01v8M2:
Property nrs in circuit2 has no matching property in circuit1
sky130_fd_pr__pfet_01v812 vs. comp_clks4/inv1/sky130_fd_pr__pfet_01v8M2:
Property nrd in circuit2 has no matching property in circuit1
sky130_fd_pr__pfet_01v812 vs. comp_clks4/inv1/sky130_fd_pr__pfet_01v8M2:
Property nf in circuit2 has no matching property in circuit1
sky130_fd_pr__pfet_01v84 vs. comp_clks10/inv1/sky130_fd_pr__pfet_01v8M2:
 l circuit1: 30   circuit2: 0.18   (delta=198%, cutoff=0%)
 w circuit1: 84   circuit2: 3   (delta=186%, cutoff=0%)
 ps circuit1: "0"   (unresolved expression)  (property type mismatch)
 as circuit1: "0"   (unresolved expression)  (property type mismatch)
 pd circuit1: "0"   (unresolved expression)  (property type mismatch)
 ad circuit1: "0"   (unresolved expression)  (property type mismatch)
sky130_fd_pr__pfet_01v84 vs. comp_clks10/inv1/sky130_fd_pr__pfet_01v8M2:
Property mult in circuit2 has no matching property in circuit1
sky130_fd_pr__pfet_01v84 vs. comp_clks10/inv1/sky130_fd_pr__pfet_01v8M2:
Property sd in circuit2 has no matching property in circuit1
sky130_fd_pr__pfet_01v84 vs. comp_clks10/inv1/sky130_fd_pr__pfet_01v8M2:
Property sb in circuit2 has no matching property in circuit1
sky130_fd_pr__pfet_01v84 vs. comp_clks10/inv1/sky130_fd_pr__pfet_01v8M2:
Property sa in circuit2 has no matching property in circuit1
sky130_fd_pr__pfet_01v84 vs. comp_clks10/inv1/sky130_fd_pr__pfet_01v8M2:
Property nrs in circuit2 has no matching property in circuit1
sky130_fd_pr__pfet_01v84 vs. comp_clks10/inv1/sky130_fd_pr__pfet_01v8M2:
Property nrd in circuit2 has no matching property in circuit1
sky130_fd_pr__pfet_01v84 vs. comp_clks10/inv1/sky130_fd_pr__pfet_01v8M2:
Property nf in circuit2 has no matching property in circuit1
sky130_fd_pr__pfet_01v832 vs. inv_weak_pulldown5/sky130_fd_pr__pfet_01v8M2:
 l circuit1: 30   circuit2: 0.18   (delta=198%, cutoff=0%)
 w circuit1: 84   circuit2: 1.26   (delta=194%, cutoff=0%)
 ps circuit1: "0"   (unresolved expression)  (property type mismatch)
 as circuit1: "0"   (unresolved expression)  (property type mismatch)
 pd circuit1: "0"   (unresolved expression)  (property type mismatch)
 ad circuit1: "0"   (unresolved expression)  (property type mismatch)
sky130_fd_pr__pfet_01v832 vs. inv_weak_pulldown5/sky130_fd_pr__pfet_01v8M2:
Property mult in circuit2 has no matching property in circuit1
sky130_fd_pr__pfet_01v832 vs. inv_weak_pulldown5/sky130_fd_pr__pfet_01v8M2:
Property sd in circuit2 has no matching property in circuit1
sky130_fd_pr__pfet_01v832 vs. inv_weak_pulldown5/sky130_fd_pr__pfet_01v8M2:
Property sb in circuit2 has no matching property in circuit1
sky130_fd_pr__pfet_01v832 vs. inv_weak_pulldown5/sky130_fd_pr__pfet_01v8M2:
Property sa in circuit2 has no matching property in circuit1
sky130_fd_pr__pfet_01v832 vs. inv_weak_pulldown5/sky130_fd_pr__pfet_01v8M2:
Property nrs in circuit2 has no matching property in circuit1
sky130_fd_pr__pfet_01v832 vs. inv_weak_pulldown5/sky130_fd_pr__pfet_01v8M2:
Property nrd in circuit2 has no matching property in circuit1
sky130_fd_pr__pfet_01v832 vs. inv_weak_pulldown5/sky130_fd_pr__pfet_01v8M2:
Property nf in circuit2 has no matching property in circuit1
sky130_fd_pr__pfet_01v820 vs. inv_weak_pulldown2/sky130_fd_pr__pfet_01v8M2:
 l circuit1: 30   circuit2: 0.18   (delta=198%, cutoff=0%)
 w circuit1: 84   circuit2: 1.26   (delta=194%, cutoff=0%)
 ps circuit1: "0"   (unresolved expression)  (property type mismatch)
 as circuit1: "0"   (unresolved expression)  (property type mismatch)
 pd circuit1: "0"   (unresolved expression)  (property type mismatch)
 ad circuit1: "0"   (unresolved expression)  (property type mismatch)
sky130_fd_pr__pfet_01v820 vs. inv_weak_pulldown2/sky130_fd_pr__pfet_01v8M2:
Property mult in circuit2 has no matching property in circuit1
sky130_fd_pr__pfet_01v820 vs. inv_weak_pulldown2/sky130_fd_pr__pfet_01v8M2:
Property sd in circuit2 has no matching property in circuit1
sky130_fd_pr__pfet_01v820 vs. inv_weak_pulldown2/sky130_fd_pr__pfet_01v8M2:
Property sb in circuit2 has no matching property in circuit1
sky130_fd_pr__pfet_01v820 vs. inv_weak_pulldown2/sky130_fd_pr__pfet_01v8M2:
Property sa in circuit2 has no matching property in circuit1
sky130_fd_pr__pfet_01v820 vs. inv_weak_pulldown2/sky130_fd_pr__pfet_01v8M2:
Property nrs in circuit2 has no matching property in circuit1
sky130_fd_pr__pfet_01v820 vs. inv_weak_pulldown2/sky130_fd_pr__pfet_01v8M2:
Property nrd in circuit2 has no matching property in circuit1
sky130_fd_pr__pfet_01v820 vs. inv_weak_pulldown2/sky130_fd_pr__pfet_01v8M2:
Property nf in circuit2 has no matching property in circuit1
sky130_fd_pr__pfet_01v843 vs. inv_weak_pulldown8/sky130_fd_pr__pfet_01v8M2:
 l circuit1: 30   circuit2: 0.18   (delta=198%, cutoff=0%)
 w circuit1: 84   circuit2: 1.26   (delta=194%, cutoff=0%)
 ps circuit1: "0"   (unresolved expression)  (property type mismatch)
 as circuit1: "0"   (unresolved expression)  (property type mismatch)
 pd circuit1: "0"   (unresolved expression)  (property type mismatch)
 ad circuit1: "0"   (unresolved expression)  (property type mismatch)
sky130_fd_pr__pfet_01v843 vs. inv_weak_pulldown8/sky130_fd_pr__pfet_01v8M2:
Property mult in circuit2 has no matching property in circuit1
sky130_fd_pr__pfet_01v843 vs. inv_weak_pulldown8/sky130_fd_pr__pfet_01v8M2:
Property sd in circuit2 has no matching property in circuit1
sky130_fd_pr__pfet_01v843 vs. inv_weak_pulldown8/sky130_fd_pr__pfet_01v8M2:
Property sb in circuit2 has no matching property in circuit1
sky130_fd_pr__pfet_01v843 vs. inv_weak_pulldown8/sky130_fd_pr__pfet_01v8M2:
Property sa in circuit2 has no matching property in circuit1
sky130_fd_pr__pfet_01v843 vs. inv_weak_pulldown8/sky130_fd_pr__pfet_01v8M2:
Property nrs in circuit2 has no matching property in circuit1
sky130_fd_pr__pfet_01v843 vs. inv_weak_pulldown8/sky130_fd_pr__pfet_01v8M2:
Property nrd in circuit2 has no matching property in circuit1
sky130_fd_pr__pfet_01v843 vs. inv_weak_pulldown8/sky130_fd_pr__pfet_01v8M2:
Property nf in circuit2 has no matching property in circuit1
sky130_fd_pr__pfet_01v840 vs. inv_weak_pulldown9/sky130_fd_pr__pfet_01v8M2:
 l circuit1: 30   circuit2: 0.18   (delta=198%, cutoff=0%)
 w circuit1: 84   circuit2: 1.26   (delta=194%, cutoff=0%)
 ps circuit1: "0"   (unresolved expression)  (property type mismatch)
 as circuit1: "0"   (unresolved expression)  (property type mismatch)
 pd circuit1: "0"   (unresolved expression)  (property type mismatch)
 ad circuit1: "0"   (unresolved expression)  (property type mismatch)
sky130_fd_pr__pfet_01v840 vs. inv_weak_pulldown9/sky130_fd_pr__pfet_01v8M2:
Property mult in circuit2 has no matching property in circuit1
sky130_fd_pr__pfet_01v840 vs. inv_weak_pulldown9/sky130_fd_pr__pfet_01v8M2:
Property sd in circuit2 has no matching property in circuit1
sky130_fd_pr__pfet_01v840 vs. inv_weak_pulldown9/sky130_fd_pr__pfet_01v8M2:
Property sb in circuit2 has no matching property in circuit1
sky130_fd_pr__pfet_01v840 vs. inv_weak_pulldown9/sky130_fd_pr__pfet_01v8M2:
Property sa in circuit2 has no matching property in circuit1
sky130_fd_pr__pfet_01v840 vs. inv_weak_pulldown9/sky130_fd_pr__pfet_01v8M2:
Property nrs in circuit2 has no matching property in circuit1
sky130_fd_pr__pfet_01v840 vs. inv_weak_pulldown9/sky130_fd_pr__pfet_01v8M2:
Property nrd in circuit2 has no matching property in circuit1
sky130_fd_pr__pfet_01v840 vs. inv_weak_pulldown9/sky130_fd_pr__pfet_01v8M2:
Property nf in circuit2 has no matching property in circuit1
sky130_fd_pr__pfet_01v823 vs. inv_weak_pullup3/sky130_fd_pr__pfet_01v8M2:
 l circuit1: 30   circuit2: 0.18   (delta=198%, cutoff=0%)
 w circuit1: 84   circuit2: 1.26   (delta=194%, cutoff=0%)
 ps circuit1: "0"   (unresolved expression)  (property type mismatch)
 as circuit1: "0"   (unresolved expression)  (property type mismatch)
 pd circuit1: "0"   (unresolved expression)  (property type mismatch)
 ad circuit1: "0"   (unresolved expression)  (property type mismatch)
sky130_fd_pr__pfet_01v823 vs. inv_weak_pullup3/sky130_fd_pr__pfet_01v8M2:
Property mult in circuit2 has no matching property in circuit1
sky130_fd_pr__pfet_01v823 vs. inv_weak_pullup3/sky130_fd_pr__pfet_01v8M2:
Property sd in circuit2 has no matching property in circuit1
sky130_fd_pr__pfet_01v823 vs. inv_weak_pullup3/sky130_fd_pr__pfet_01v8M2:
Property sb in circuit2 has no matching property in circuit1
sky130_fd_pr__pfet_01v823 vs. inv_weak_pullup3/sky130_fd_pr__pfet_01v8M2:
Property sa in circuit2 has no matching property in circuit1
sky130_fd_pr__pfet_01v823 vs. inv_weak_pullup3/sky130_fd_pr__pfet_01v8M2:
Property nrs in circuit2 has no matching property in circuit1
sky130_fd_pr__pfet_01v823 vs. inv_weak_pullup3/sky130_fd_pr__pfet_01v8M2:
Property nrd in circuit2 has no matching property in circuit1
sky130_fd_pr__pfet_01v823 vs. inv_weak_pullup3/sky130_fd_pr__pfet_01v8M2:
Property nf in circuit2 has no matching property in circuit1
sky130_fd_pr__pfet_01v829 vs. inv_weak_pullup6/sky130_fd_pr__pfet_01v8M2:
 l circuit1: 30   circuit2: 0.18   (delta=198%, cutoff=0%)
 w circuit1: 84   circuit2: 1.26   (delta=194%, cutoff=0%)
 ps circuit1: "0"   (unresolved expression)  (property type mismatch)
 as circuit1: "0"   (unresolved expression)  (property type mismatch)
 pd circuit1: "0"   (unresolved expression)  (property type mismatch)
 ad circuit1: "0"   (unresolved expression)  (property type mismatch)
sky130_fd_pr__pfet_01v829 vs. inv_weak_pullup6/sky130_fd_pr__pfet_01v8M2:
Property mult in circuit2 has no matching property in circuit1
sky130_fd_pr__pfet_01v829 vs. inv_weak_pullup6/sky130_fd_pr__pfet_01v8M2:
Property sd in circuit2 has no matching property in circuit1
sky130_fd_pr__pfet_01v829 vs. inv_weak_pullup6/sky130_fd_pr__pfet_01v8M2:
Property sb in circuit2 has no matching property in circuit1
sky130_fd_pr__pfet_01v829 vs. inv_weak_pullup6/sky130_fd_pr__pfet_01v8M2:
Property sa in circuit2 has no matching property in circuit1
sky130_fd_pr__pfet_01v829 vs. inv_weak_pullup6/sky130_fd_pr__pfet_01v8M2:
Property nrs in circuit2 has no matching property in circuit1
sky130_fd_pr__pfet_01v829 vs. inv_weak_pullup6/sky130_fd_pr__pfet_01v8M2:
Property nrd in circuit2 has no matching property in circuit1
sky130_fd_pr__pfet_01v829 vs. inv_weak_pullup6/sky130_fd_pr__pfet_01v8M2:
Property nf in circuit2 has no matching property in circuit1
sky130_fd_pr__pfet_01v815 vs. comp_clks4/sky130_fd_pr__pfet_01v8M8:
 l circuit1: 30   circuit2: 0.18   (delta=198%, cutoff=0%)
 w circuit1: 84   circuit2: 1.26   (delta=194%, cutoff=0%)
 ps circuit1: "0"   (unresolved expression)  (property type mismatch)
 as circuit1: "0"   (unresolved expression)  (property type mismatch)
 pd circuit1: "0"   (unresolved expression)  (property type mismatch)
 ad circuit1: "0"   (unresolved expression)  (property type mismatch)
sky130_fd_pr__pfet_01v815 vs. comp_clks4/sky130_fd_pr__pfet_01v8M8:
Property mult in circuit2 has no matching property in circuit1
sky130_fd_pr__pfet_01v815 vs. comp_clks4/sky130_fd_pr__pfet_01v8M8:
Property sd in circuit2 has no matching property in circuit1
sky130_fd_pr__pfet_01v815 vs. comp_clks4/sky130_fd_pr__pfet_01v8M8:
Property sb in circuit2 has no matching property in circuit1
sky130_fd_pr__pfet_01v815 vs. comp_clks4/sky130_fd_pr__pfet_01v8M8:
Property sa in circuit2 has no matching property in circuit1
sky130_fd_pr__pfet_01v815 vs. comp_clks4/sky130_fd_pr__pfet_01v8M8:
Property nrs in circuit2 has no matching property in circuit1
sky130_fd_pr__pfet_01v815 vs. comp_clks4/sky130_fd_pr__pfet_01v8M8:
Property nrd in circuit2 has no matching property in circuit1
sky130_fd_pr__pfet_01v815 vs. comp_clks4/sky130_fd_pr__pfet_01v8M8:
Property nf in circuit2 has no matching property in circuit1
sky130_fd_pr__pfet_01v839 vs. comp_clks7/sky130_fd_pr__pfet_01v8M8:
 l circuit1: 30   circuit2: 0.18   (delta=198%, cutoff=0%)
 w circuit1: 84   circuit2: 1.26   (delta=194%, cutoff=0%)
 ps circuit1: "0"   (unresolved expression)  (property type mismatch)
 as circuit1: "0"   (unresolved expression)  (property type mismatch)
 pd circuit1: "0"   (unresolved expression)  (property type mismatch)
 ad circuit1: "0"   (unresolved expression)  (property type mismatch)
sky130_fd_pr__pfet_01v839 vs. comp_clks7/sky130_fd_pr__pfet_01v8M8:
Property mult in circuit2 has no matching property in circuit1
sky130_fd_pr__pfet_01v839 vs. comp_clks7/sky130_fd_pr__pfet_01v8M8:
Property sd in circuit2 has no matching property in circuit1
sky130_fd_pr__pfet_01v839 vs. comp_clks7/sky130_fd_pr__pfet_01v8M8:
Property sb in circuit2 has no matching property in circuit1
sky130_fd_pr__pfet_01v839 vs. comp_clks7/sky130_fd_pr__pfet_01v8M8:
Property sa in circuit2 has no matching property in circuit1
sky130_fd_pr__pfet_01v839 vs. comp_clks7/sky130_fd_pr__pfet_01v8M8:
Property nrs in circuit2 has no matching property in circuit1
sky130_fd_pr__pfet_01v839 vs. comp_clks7/sky130_fd_pr__pfet_01v8M8:
Property nrd in circuit2 has no matching property in circuit1
sky130_fd_pr__pfet_01v839 vs. comp_clks7/sky130_fd_pr__pfet_01v8M8:
Property nf in circuit2 has no matching property in circuit1
sky130_fd_pr__pfet_01v87 vs. comp_clks10/sky130_fd_pr__pfet_01v8M8:
 l circuit1: 30   circuit2: 0.18   (delta=198%, cutoff=0%)
 w circuit1: 84   circuit2: 1.26   (delta=194%, cutoff=0%)
 ps circuit1: "0"   (unresolved expression)  (property type mismatch)
 as circuit1: "0"   (unresolved expression)  (property type mismatch)
 pd circuit1: "0"   (unresolved expression)  (property type mismatch)
 ad circuit1: "0"   (unresolved expression)  (property type mismatch)
sky130_fd_pr__pfet_01v87 vs. comp_clks10/sky130_fd_pr__pfet_01v8M8:
Property mult in circuit2 has no matching property in circuit1
sky130_fd_pr__pfet_01v87 vs. comp_clks10/sky130_fd_pr__pfet_01v8M8:
Property sd in circuit2 has no matching property in circuit1
sky130_fd_pr__pfet_01v87 vs. comp_clks10/sky130_fd_pr__pfet_01v8M8:
Property sb in circuit2 has no matching property in circuit1
sky130_fd_pr__pfet_01v87 vs. comp_clks10/sky130_fd_pr__pfet_01v8M8:
Property sa in circuit2 has no matching property in circuit1
sky130_fd_pr__pfet_01v87 vs. comp_clks10/sky130_fd_pr__pfet_01v8M8:
Property nrs in circuit2 has no matching property in circuit1
sky130_fd_pr__pfet_01v87 vs. comp_clks10/sky130_fd_pr__pfet_01v8M8:
Property nrd in circuit2 has no matching property in circuit1
sky130_fd_pr__pfet_01v87 vs. comp_clks10/sky130_fd_pr__pfet_01v8M8:
Property nf in circuit2 has no matching property in circuit1
sky130_fd_pr__pfet_01v834 vs. inv_weak_pullup3/sky130_fd_pr__pfet_01v8M3:
 l circuit1: 30   circuit2: 0.54   (delta=193%, cutoff=0%)
 w circuit1: 84   circuit2: 1.26   (delta=194%, cutoff=0%)
 ps circuit1: "0"   (unresolved expression)  (property type mismatch)
 as circuit1: "0"   (unresolved expression)  (property type mismatch)
 pd circuit1: "0"   (unresolved expression)  (property type mismatch)
 ad circuit1: "-0"   (unresolved expression)  (property type mismatch)
sky130_fd_pr__pfet_01v834 vs. inv_weak_pullup3/sky130_fd_pr__pfet_01v8M3:
Property mult in circuit2 has no matching property in circuit1
sky130_fd_pr__pfet_01v834 vs. inv_weak_pullup3/sky130_fd_pr__pfet_01v8M3:
Property sd in circuit2 has no matching property in circuit1
sky130_fd_pr__pfet_01v834 vs. inv_weak_pullup3/sky130_fd_pr__pfet_01v8M3:
Property sb in circuit2 has no matching property in circuit1
sky130_fd_pr__pfet_01v834 vs. inv_weak_pullup3/sky130_fd_pr__pfet_01v8M3:
Property sa in circuit2 has no matching property in circuit1
sky130_fd_pr__pfet_01v834 vs. inv_weak_pullup3/sky130_fd_pr__pfet_01v8M3:
Property nrs in circuit2 has no matching property in circuit1
sky130_fd_pr__pfet_01v834 vs. inv_weak_pullup3/sky130_fd_pr__pfet_01v8M3:
Property nrd in circuit2 has no matching property in circuit1
sky130_fd_pr__pfet_01v834 vs. inv_weak_pullup3/sky130_fd_pr__pfet_01v8M3:
Property nf in circuit2 has no matching property in circuit1
sky130_fd_pr__pfet_01v825 vs. inv_weak_pullup6/sky130_fd_pr__pfet_01v8M3:
 l circuit1: 30   circuit2: 0.54   (delta=193%, cutoff=0%)
 w circuit1: 84   circuit2: 1.26   (delta=194%, cutoff=0%)
 ps circuit1: "0"   (unresolved expression)  (property type mismatch)
 as circuit1: "0"   (unresolved expression)  (property type mismatch)
 pd circuit1: "0"   (unresolved expression)  (property type mismatch)
 ad circuit1: "0"   (unresolved expression)  (property type mismatch)
sky130_fd_pr__pfet_01v825 vs. inv_weak_pullup6/sky130_fd_pr__pfet_01v8M3:
Property mult in circuit2 has no matching property in circuit1
sky130_fd_pr__pfet_01v825 vs. inv_weak_pullup6/sky130_fd_pr__pfet_01v8M3:
Property sd in circuit2 has no matching property in circuit1
sky130_fd_pr__pfet_01v825 vs. inv_weak_pullup6/sky130_fd_pr__pfet_01v8M3:
Property sb in circuit2 has no matching property in circuit1
sky130_fd_pr__pfet_01v825 vs. inv_weak_pullup6/sky130_fd_pr__pfet_01v8M3:
Property sa in circuit2 has no matching property in circuit1
sky130_fd_pr__pfet_01v825 vs. inv_weak_pullup6/sky130_fd_pr__pfet_01v8M3:
Property nrs in circuit2 has no matching property in circuit1
sky130_fd_pr__pfet_01v825 vs. inv_weak_pullup6/sky130_fd_pr__pfet_01v8M3:
Property nrd in circuit2 has no matching property in circuit1
sky130_fd_pr__pfet_01v825 vs. inv_weak_pullup6/sky130_fd_pr__pfet_01v8M3:
Property nf in circuit2 has no matching property in circuit1
sky130_fd_pr__nfet_01v88 vs. comp_clks4/inv2/sky130_fd_pr__nfet_01v8M1:
 l circuit1: 30   circuit2: 0.18   (delta=198%, cutoff=0%)
 w circuit1: 84   circuit2: 1   (delta=195%, cutoff=0%)
 ps circuit1: "0"   (unresolved expression)  (property type mismatch)
 as circuit1: "0"   (unresolved expression)  (property type mismatch)
 pd circuit1: "0"   (unresolved expression)  (property type mismatch)
 ad circuit1: "0"   (unresolved expression)  (property type mismatch)
sky130_fd_pr__nfet_01v88 vs. comp_clks4/inv2/sky130_fd_pr__nfet_01v8M1:
Property mult in circuit2 has no matching property in circuit1
sky130_fd_pr__nfet_01v88 vs. comp_clks4/inv2/sky130_fd_pr__nfet_01v8M1:
Property sd in circuit2 has no matching property in circuit1
sky130_fd_pr__nfet_01v88 vs. comp_clks4/inv2/sky130_fd_pr__nfet_01v8M1:
Property sb in circuit2 has no matching property in circuit1
sky130_fd_pr__nfet_01v88 vs. comp_clks4/inv2/sky130_fd_pr__nfet_01v8M1:
Property sa in circuit2 has no matching property in circuit1
sky130_fd_pr__nfet_01v88 vs. comp_clks4/inv2/sky130_fd_pr__nfet_01v8M1:
Property nrs in circuit2 has no matching property in circuit1
sky130_fd_pr__nfet_01v88 vs. comp_clks4/inv2/sky130_fd_pr__nfet_01v8M1:
Property nrd in circuit2 has no matching property in circuit1
sky130_fd_pr__nfet_01v88 vs. comp_clks4/inv2/sky130_fd_pr__nfet_01v8M1:
Property nf in circuit2 has no matching property in circuit1
sky130_fd_pr__nfet_01v824 vs. comp_clks7/inv2/sky130_fd_pr__nfet_01v8M1:
 l circuit1: 30   circuit2: 0.18   (delta=198%, cutoff=0%)
 w circuit1: 84   circuit2: 1   (delta=195%, cutoff=0%)
 ps circuit1: "0"   (unresolved expression)  (property type mismatch)
 as circuit1: "0"   (unresolved expression)  (property type mismatch)
 pd circuit1: "0"   (unresolved expression)  (property type mismatch)
 ad circuit1: "0"   (unresolved expression)  (property type mismatch)
sky130_fd_pr__nfet_01v824 vs. comp_clks7/inv2/sky130_fd_pr__nfet_01v8M1:
Property mult in circuit2 has no matching property in circuit1
sky130_fd_pr__nfet_01v824 vs. comp_clks7/inv2/sky130_fd_pr__nfet_01v8M1:
Property sd in circuit2 has no matching property in circuit1
sky130_fd_pr__nfet_01v824 vs. comp_clks7/inv2/sky130_fd_pr__nfet_01v8M1:
Property sb in circuit2 has no matching property in circuit1
sky130_fd_pr__nfet_01v824 vs. comp_clks7/inv2/sky130_fd_pr__nfet_01v8M1:
Property sa in circuit2 has no matching property in circuit1
sky130_fd_pr__nfet_01v824 vs. comp_clks7/inv2/sky130_fd_pr__nfet_01v8M1:
Property nrs in circuit2 has no matching property in circuit1
sky130_fd_pr__nfet_01v824 vs. comp_clks7/inv2/sky130_fd_pr__nfet_01v8M1:
Property nrd in circuit2 has no matching property in circuit1
sky130_fd_pr__nfet_01v824 vs. comp_clks7/inv2/sky130_fd_pr__nfet_01v8M1:
Property nf in circuit2 has no matching property in circuit1
sky130_fd_pr__nfet_01v80 vs. comp_clks10/inv2/sky130_fd_pr__nfet_01v8M1:
 l circuit1: 30   circuit2: 0.18   (delta=198%, cutoff=0%)
 w circuit1: 84   circuit2: 1   (delta=195%, cutoff=0%)
 ps circuit1: "0"   (unresolved expression)  (property type mismatch)
 as circuit1: "0"   (unresolved expression)  (property type mismatch)
 pd circuit1: "0"   (unresolved expression)  (property type mismatch)
 ad circuit1: "0"   (unresolved expression)  (property type mismatch)
sky130_fd_pr__nfet_01v80 vs. comp_clks10/inv2/sky130_fd_pr__nfet_01v8M1:
Property mult in circuit2 has no matching property in circuit1
sky130_fd_pr__nfet_01v80 vs. comp_clks10/inv2/sky130_fd_pr__nfet_01v8M1:
Property sd in circuit2 has no matching property in circuit1
sky130_fd_pr__nfet_01v80 vs. comp_clks10/inv2/sky130_fd_pr__nfet_01v8M1:
Property sb in circuit2 has no matching property in circuit1
sky130_fd_pr__nfet_01v80 vs. comp_clks10/inv2/sky130_fd_pr__nfet_01v8M1:
Property sa in circuit2 has no matching property in circuit1
sky130_fd_pr__nfet_01v80 vs. comp_clks10/inv2/sky130_fd_pr__nfet_01v8M1:
Property nrs in circuit2 has no matching property in circuit1
sky130_fd_pr__nfet_01v80 vs. comp_clks10/inv2/sky130_fd_pr__nfet_01v8M1:
Property nrd in circuit2 has no matching property in circuit1
sky130_fd_pr__nfet_01v80 vs. comp_clks10/inv2/sky130_fd_pr__nfet_01v8M1:
Property nf in circuit2 has no matching property in circuit1
sky130_fd_pr__nfet_01v817 vs. comp_clks_1stage1/transmission_gate3/sky130_fd_pr__nfet_01v8M1:
 l circuit1: 30   circuit2: 0.18   (delta=198%, cutoff=0%)
 w circuit1: 84   circuit2: 0.42   (delta=198%, cutoff=0%)
 ps circuit1: "0"   (unresolved expression)  (property type mismatch)
 as circuit1: "0"   (unresolved expression)  (property type mismatch)
 pd circuit1: "0"   (unresolved expression)  (property type mismatch)
 ad circuit1: "0"   (unresolved expression)  (property type mismatch)
sky130_fd_pr__nfet_01v817 vs. comp_clks_1stage1/transmission_gate3/sky130_fd_pr__nfet_01v8M1:
Property mult in circuit2 has no matching property in circuit1
sky130_fd_pr__nfet_01v817 vs. comp_clks_1stage1/transmission_gate3/sky130_fd_pr__nfet_01v8M1:
Property sd in circuit2 has no matching property in circuit1
sky130_fd_pr__nfet_01v817 vs. comp_clks_1stage1/transmission_gate3/sky130_fd_pr__nfet_01v8M1:
Property sb in circuit2 has no matching property in circuit1
sky130_fd_pr__nfet_01v817 vs. comp_clks_1stage1/transmission_gate3/sky130_fd_pr__nfet_01v8M1:
Property sa in circuit2 has no matching property in circuit1
sky130_fd_pr__nfet_01v817 vs. comp_clks_1stage1/transmission_gate3/sky130_fd_pr__nfet_01v8M1:
Property nrs in circuit2 has no matching property in circuit1
sky130_fd_pr__nfet_01v817 vs. comp_clks_1stage1/transmission_gate3/sky130_fd_pr__nfet_01v8M1:
Property nrd in circuit2 has no matching property in circuit1
sky130_fd_pr__nfet_01v817 vs. comp_clks_1stage1/transmission_gate3/sky130_fd_pr__nfet_01v8M1:
Property nf in circuit2 has no matching property in circuit1
sky130_fd_pr__nfet_01v838 vs. comp_clks7/transmission_gate3/sky130_fd_pr__nfet_01v8M1:
 l circuit1: 30   circuit2: 0.18   (delta=198%, cutoff=0%)
 w circuit1: 84   circuit2: 0.42   (delta=198%, cutoff=0%)
 ps circuit1: "0"   (unresolved expression)  (property type mismatch)
 as circuit1: "0"   (unresolved expression)  (property type mismatch)
 pd circuit1: "0"   (unresolved expression)  (property type mismatch)
 ad circuit1: "0"   (unresolved expression)  (property type mismatch)
sky130_fd_pr__nfet_01v838 vs. comp_clks7/transmission_gate3/sky130_fd_pr__nfet_01v8M1:
Property mult in circuit2 has no matching property in circuit1
sky130_fd_pr__nfet_01v838 vs. comp_clks7/transmission_gate3/sky130_fd_pr__nfet_01v8M1:
Property sd in circuit2 has no matching property in circuit1
sky130_fd_pr__nfet_01v838 vs. comp_clks7/transmission_gate3/sky130_fd_pr__nfet_01v8M1:
Property sb in circuit2 has no matching property in circuit1
sky130_fd_pr__nfet_01v838 vs. comp_clks7/transmission_gate3/sky130_fd_pr__nfet_01v8M1:
Property sa in circuit2 has no matching property in circuit1
sky130_fd_pr__nfet_01v838 vs. comp_clks7/transmission_gate3/sky130_fd_pr__nfet_01v8M1:
Property nrs in circuit2 has no matching property in circuit1
sky130_fd_pr__nfet_01v838 vs. comp_clks7/transmission_gate3/sky130_fd_pr__nfet_01v8M1:
Property nrd in circuit2 has no matching property in circuit1
sky130_fd_pr__nfet_01v838 vs. comp_clks7/transmission_gate3/sky130_fd_pr__nfet_01v8M1:
Property nf in circuit2 has no matching property in circuit1
sky130_fd_pr__nfet_01v810 vs. comp_clks4/transmission_gate3/sky130_fd_pr__nfet_01v8M1:
 l circuit1: 30   circuit2: 0.18   (delta=198%, cutoff=0%)
 w circuit1: 84   circuit2: 0.42   (delta=198%, cutoff=0%)
 ps circuit1: "0"   (unresolved expression)  (property type mismatch)
 as circuit1: "0"   (unresolved expression)  (property type mismatch)
 pd circuit1: "0"   (unresolved expression)  (property type mismatch)
 ad circuit1: "0"   (unresolved expression)  (property type mismatch)
sky130_fd_pr__nfet_01v810 vs. comp_clks4/transmission_gate3/sky130_fd_pr__nfet_01v8M1:
Property mult in circuit2 has no matching property in circuit1
sky130_fd_pr__nfet_01v810 vs. comp_clks4/transmission_gate3/sky130_fd_pr__nfet_01v8M1:
Property sd in circuit2 has no matching property in circuit1
sky130_fd_pr__nfet_01v810 vs. comp_clks4/transmission_gate3/sky130_fd_pr__nfet_01v8M1:
Property sb in circuit2 has no matching property in circuit1
sky130_fd_pr__nfet_01v810 vs. comp_clks4/transmission_gate3/sky130_fd_pr__nfet_01v8M1:
Property sa in circuit2 has no matching property in circuit1
sky130_fd_pr__nfet_01v810 vs. comp_clks4/transmission_gate3/sky130_fd_pr__nfet_01v8M1:
Property nrs in circuit2 has no matching property in circuit1
sky130_fd_pr__nfet_01v810 vs. comp_clks4/transmission_gate3/sky130_fd_pr__nfet_01v8M1:
Property nrd in circuit2 has no matching property in circuit1
sky130_fd_pr__nfet_01v810 vs. comp_clks4/transmission_gate3/sky130_fd_pr__nfet_01v8M1:
Property nf in circuit2 has no matching property in circuit1
sky130_fd_pr__nfet_01v82 vs. comp_clks10/transmission_gate3/sky130_fd_pr__nfet_01v8M1:
 l circuit1: 30   circuit2: 0.18   (delta=198%, cutoff=0%)
 w circuit1: 84   circuit2: 0.42   (delta=198%, cutoff=0%)
 ps circuit1: "0"   (unresolved expression)  (property type mismatch)
 as circuit1: "0"   (unresolved expression)  (property type mismatch)
 pd circuit1: "0"   (unresolved expression)  (property type mismatch)
 ad circuit1: "0"   (unresolved expression)  (property type mismatch)
sky130_fd_pr__nfet_01v82 vs. comp_clks10/transmission_gate3/sky130_fd_pr__nfet_01v8M1:
Property mult in circuit2 has no matching property in circuit1
sky130_fd_pr__nfet_01v82 vs. comp_clks10/transmission_gate3/sky130_fd_pr__nfet_01v8M1:
Property sd in circuit2 has no matching property in circuit1
sky130_fd_pr__nfet_01v82 vs. comp_clks10/transmission_gate3/sky130_fd_pr__nfet_01v8M1:
Property sb in circuit2 has no matching property in circuit1
sky130_fd_pr__nfet_01v82 vs. comp_clks10/transmission_gate3/sky130_fd_pr__nfet_01v8M1:
Property sa in circuit2 has no matching property in circuit1
sky130_fd_pr__nfet_01v82 vs. comp_clks10/transmission_gate3/sky130_fd_pr__nfet_01v8M1:
Property nrs in circuit2 has no matching property in circuit1
sky130_fd_pr__nfet_01v82 vs. comp_clks10/transmission_gate3/sky130_fd_pr__nfet_01v8M1:
Property nrd in circuit2 has no matching property in circuit1
sky130_fd_pr__nfet_01v82 vs. comp_clks10/transmission_gate3/sky130_fd_pr__nfet_01v8M1:
Property nf in circuit2 has no matching property in circuit1
sky130_fd_pr__nfet_01v816 vs. comp_clks_1stage1/inv1/sky130_fd_pr__nfet_01v8M1:
 l circuit1: 30   circuit2: 0.18   (delta=198%, cutoff=0%)
 w circuit1: 84   circuit2: 1   (delta=195%, cutoff=0%)
 ps circuit1: "0"   (unresolved expression)  (property type mismatch)
 as circuit1: "0"   (unresolved expression)  (property type mismatch)
 pd circuit1: "0"   (unresolved expression)  (property type mismatch)
 ad circuit1: "0"   (unresolved expression)  (property type mismatch)
sky130_fd_pr__nfet_01v816 vs. comp_clks_1stage1/inv1/sky130_fd_pr__nfet_01v8M1:
Property mult in circuit2 has no matching property in circuit1
sky130_fd_pr__nfet_01v816 vs. comp_clks_1stage1/inv1/sky130_fd_pr__nfet_01v8M1:
Property sd in circuit2 has no matching property in circuit1
sky130_fd_pr__nfet_01v816 vs. comp_clks_1stage1/inv1/sky130_fd_pr__nfet_01v8M1:
Property sb in circuit2 has no matching property in circuit1
sky130_fd_pr__nfet_01v816 vs. comp_clks_1stage1/inv1/sky130_fd_pr__nfet_01v8M1:
Property sa in circuit2 has no matching property in circuit1
sky130_fd_pr__nfet_01v816 vs. comp_clks_1stage1/inv1/sky130_fd_pr__nfet_01v8M1:
Property nrs in circuit2 has no matching property in circuit1
sky130_fd_pr__nfet_01v816 vs. comp_clks_1stage1/inv1/sky130_fd_pr__nfet_01v8M1:
Property nrd in circuit2 has no matching property in circuit1
sky130_fd_pr__nfet_01v816 vs. comp_clks_1stage1/inv1/sky130_fd_pr__nfet_01v8M1:
Property nf in circuit2 has no matching property in circuit1
sky130_fd_pr__nfet_01v836 vs. comp_clks7/inv1/sky130_fd_pr__nfet_01v8M1:
 l circuit1: 30   circuit2: 0.18   (delta=198%, cutoff=0%)
 w circuit1: 84   circuit2: 1   (delta=195%, cutoff=0%)
 ps circuit1: "0"   (unresolved expression)  (property type mismatch)
 as circuit1: "0"   (unresolved expression)  (property type mismatch)
 pd circuit1: "0"   (unresolved expression)  (property type mismatch)
 ad circuit1: "0"   (unresolved expression)  (property type mismatch)
sky130_fd_pr__nfet_01v836 vs. comp_clks7/inv1/sky130_fd_pr__nfet_01v8M1:
Property mult in circuit2 has no matching property in circuit1
sky130_fd_pr__nfet_01v836 vs. comp_clks7/inv1/sky130_fd_pr__nfet_01v8M1:
Property sd in circuit2 has no matching property in circuit1
sky130_fd_pr__nfet_01v836 vs. comp_clks7/inv1/sky130_fd_pr__nfet_01v8M1:
Property sb in circuit2 has no matching property in circuit1
sky130_fd_pr__nfet_01v836 vs. comp_clks7/inv1/sky130_fd_pr__nfet_01v8M1:
Property sa in circuit2 has no matching property in circuit1
sky130_fd_pr__nfet_01v836 vs. comp_clks7/inv1/sky130_fd_pr__nfet_01v8M1:
Property nrs in circuit2 has no matching property in circuit1
sky130_fd_pr__nfet_01v836 vs. comp_clks7/inv1/sky130_fd_pr__nfet_01v8M1:
Property nrd in circuit2 has no matching property in circuit1
sky130_fd_pr__nfet_01v836 vs. comp_clks7/inv1/sky130_fd_pr__nfet_01v8M1:
Property nf in circuit2 has no matching property in circuit1
sky130_fd_pr__nfet_01v89 vs. comp_clks4/inv1/sky130_fd_pr__nfet_01v8M1:
 l circuit1: 30   circuit2: 0.18   (delta=198%, cutoff=0%)
 w circuit1: 84   circuit2: 1   (delta=195%, cutoff=0%)
 ps circuit1: "0"   (unresolved expression)  (property type mismatch)
 as circuit1: "0"   (unresolved expression)  (property type mismatch)
 pd circuit1: "0"   (unresolved expression)  (property type mismatch)
 ad circuit1: "0"   (unresolved expression)  (property type mismatch)
sky130_fd_pr__nfet_01v89 vs. comp_clks4/inv1/sky130_fd_pr__nfet_01v8M1:
Property mult in circuit2 has no matching property in circuit1
sky130_fd_pr__nfet_01v89 vs. comp_clks4/inv1/sky130_fd_pr__nfet_01v8M1:
Property sd in circuit2 has no matching property in circuit1
sky130_fd_pr__nfet_01v89 vs. comp_clks4/inv1/sky130_fd_pr__nfet_01v8M1:
Property sb in circuit2 has no matching property in circuit1
sky130_fd_pr__nfet_01v89 vs. comp_clks4/inv1/sky130_fd_pr__nfet_01v8M1:
Property sa in circuit2 has no matching property in circuit1
sky130_fd_pr__nfet_01v89 vs. comp_clks4/inv1/sky130_fd_pr__nfet_01v8M1:
Property nrs in circuit2 has no matching property in circuit1
sky130_fd_pr__nfet_01v89 vs. comp_clks4/inv1/sky130_fd_pr__nfet_01v8M1:
Property nrd in circuit2 has no matching property in circuit1
sky130_fd_pr__nfet_01v89 vs. comp_clks4/inv1/sky130_fd_pr__nfet_01v8M1:
Property nf in circuit2 has no matching property in circuit1
sky130_fd_pr__nfet_01v81 vs. comp_clks10/inv1/sky130_fd_pr__nfet_01v8M1:
 l circuit1: 30   circuit2: 0.18   (delta=198%, cutoff=0%)
 w circuit1: 84   circuit2: 1   (delta=195%, cutoff=0%)
 ps circuit1: "0"   (unresolved expression)  (property type mismatch)
 as circuit1: "0"   (unresolved expression)  (property type mismatch)
 pd circuit1: "0"   (unresolved expression)  (property type mismatch)
 ad circuit1: "0"   (unresolved expression)  (property type mismatch)
sky130_fd_pr__nfet_01v81 vs. comp_clks10/inv1/sky130_fd_pr__nfet_01v8M1:
Property mult in circuit2 has no matching property in circuit1
sky130_fd_pr__nfet_01v81 vs. comp_clks10/inv1/sky130_fd_pr__nfet_01v8M1:
Property sd in circuit2 has no matching property in circuit1
sky130_fd_pr__nfet_01v81 vs. comp_clks10/inv1/sky130_fd_pr__nfet_01v8M1:
Property sb in circuit2 has no matching property in circuit1
sky130_fd_pr__nfet_01v81 vs. comp_clks10/inv1/sky130_fd_pr__nfet_01v8M1:
Property sa in circuit2 has no matching property in circuit1
sky130_fd_pr__nfet_01v81 vs. comp_clks10/inv1/sky130_fd_pr__nfet_01v8M1:
Property nrs in circuit2 has no matching property in circuit1
sky130_fd_pr__nfet_01v81 vs. comp_clks10/inv1/sky130_fd_pr__nfet_01v8M1:
Property nrd in circuit2 has no matching property in circuit1
sky130_fd_pr__nfet_01v81 vs. comp_clks10/inv1/sky130_fd_pr__nfet_01v8M1:
Property nf in circuit2 has no matching property in circuit1
sky130_fd_pr__nfet_01v845 vs. inv_weak_pulldown8/sky130_fd_pr__nfet_01v8M1:
 l circuit1: 30   circuit2: 0.18   (delta=198%, cutoff=0%)
 w circuit1: 84   circuit2: 0.42   (delta=198%, cutoff=0%)
 ps circuit1: "0"   (unresolved expression)  (property type mismatch)
 as circuit1: "0"   (unresolved expression)  (property type mismatch)
 pd circuit1: "0"   (unresolved expression)  (property type mismatch)
 ad circuit1: "0"   (unresolved expression)  (property type mismatch)
sky130_fd_pr__nfet_01v845 vs. inv_weak_pulldown8/sky130_fd_pr__nfet_01v8M1:
Property mult in circuit2 has no matching property in circuit1
sky130_fd_pr__nfet_01v845 vs. inv_weak_pulldown8/sky130_fd_pr__nfet_01v8M1:
Property sd in circuit2 has no matching property in circuit1
sky130_fd_pr__nfet_01v845 vs. inv_weak_pulldown8/sky130_fd_pr__nfet_01v8M1:
Property sb in circuit2 has no matching property in circuit1
sky130_fd_pr__nfet_01v845 vs. inv_weak_pulldown8/sky130_fd_pr__nfet_01v8M1:
Property sa in circuit2 has no matching property in circuit1
sky130_fd_pr__nfet_01v845 vs. inv_weak_pulldown8/sky130_fd_pr__nfet_01v8M1:
Property nrs in circuit2 has no matching property in circuit1
sky130_fd_pr__nfet_01v845 vs. inv_weak_pulldown8/sky130_fd_pr__nfet_01v8M1:
Property nrd in circuit2 has no matching property in circuit1
sky130_fd_pr__nfet_01v845 vs. inv_weak_pulldown8/sky130_fd_pr__nfet_01v8M1:
Property nf in circuit2 has no matching property in circuit1
sky130_fd_pr__nfet_01v844 vs. inv_weak_pulldown8/sky130_fd_pr__nfet_01v8M3:
 l circuit1: 30   circuit2: 0.54   (delta=193%, cutoff=0%)
 w circuit1: 84   circuit2: 0.42   (delta=198%, cutoff=0%)
 ps circuit1: "0"   (unresolved expression)  (property type mismatch)
 as circuit1: "0"   (unresolved expression)  (property type mismatch)
 pd circuit1: "0"   (unresolved expression)  (property type mismatch)
 ad circuit1: "0"   (unresolved expression)  (property type mismatch)
sky130_fd_pr__nfet_01v844 vs. inv_weak_pulldown8/sky130_fd_pr__nfet_01v8M3:
Property mult in circuit2 has no matching property in circuit1
sky130_fd_pr__nfet_01v844 vs. inv_weak_pulldown8/sky130_fd_pr__nfet_01v8M3:
Property sd in circuit2 has no matching property in circuit1
sky130_fd_pr__nfet_01v844 vs. inv_weak_pulldown8/sky130_fd_pr__nfet_01v8M3:
Property sb in circuit2 has no matching property in circuit1
sky130_fd_pr__nfet_01v844 vs. inv_weak_pulldown8/sky130_fd_pr__nfet_01v8M3:
Property sa in circuit2 has no matching property in circuit1
sky130_fd_pr__nfet_01v844 vs. inv_weak_pulldown8/sky130_fd_pr__nfet_01v8M3:
Property nrs in circuit2 has no matching property in circuit1
sky130_fd_pr__nfet_01v844 vs. inv_weak_pulldown8/sky130_fd_pr__nfet_01v8M3:
Property nrd in circuit2 has no matching property in circuit1
sky130_fd_pr__nfet_01v844 vs. inv_weak_pulldown8/sky130_fd_pr__nfet_01v8M3:
Property nf in circuit2 has no matching property in circuit1
sky130_fd_pr__nfet_01v821 vs. inv_weak_pulldown2/sky130_fd_pr__nfet_01v8M3:
 l circuit1: 30   circuit2: 0.54   (delta=193%, cutoff=0%)
 w circuit1: 84   circuit2: 0.42   (delta=198%, cutoff=0%)
 ps circuit1: "0"   (unresolved expression)  (property type mismatch)
 as circuit1: "0"   (unresolved expression)  (property type mismatch)
 pd circuit1: "0"   (unresolved expression)  (property type mismatch)
 ad circuit1: "0"   (unresolved expression)  (property type mismatch)
sky130_fd_pr__nfet_01v821 vs. inv_weak_pulldown2/sky130_fd_pr__nfet_01v8M3:
Property mult in circuit2 has no matching property in circuit1
sky130_fd_pr__nfet_01v821 vs. inv_weak_pulldown2/sky130_fd_pr__nfet_01v8M3:
Property sd in circuit2 has no matching property in circuit1
sky130_fd_pr__nfet_01v821 vs. inv_weak_pulldown2/sky130_fd_pr__nfet_01v8M3:
Property sb in circuit2 has no matching property in circuit1
sky130_fd_pr__nfet_01v821 vs. inv_weak_pulldown2/sky130_fd_pr__nfet_01v8M3:
Property sa in circuit2 has no matching property in circuit1
sky130_fd_pr__nfet_01v821 vs. inv_weak_pulldown2/sky130_fd_pr__nfet_01v8M3:
Property nrs in circuit2 has no matching property in circuit1
sky130_fd_pr__nfet_01v821 vs. inv_weak_pulldown2/sky130_fd_pr__nfet_01v8M3:
Property nrd in circuit2 has no matching property in circuit1
sky130_fd_pr__nfet_01v821 vs. inv_weak_pulldown2/sky130_fd_pr__nfet_01v8M3:
Property nf in circuit2 has no matching property in circuit1
sky130_fd_pr__nfet_01v833 vs. inv_weak_pulldown5/sky130_fd_pr__nfet_01v8M3:
 l circuit1: 30   circuit2: 0.54   (delta=193%, cutoff=0%)
 w circuit1: 84   circuit2: 0.42   (delta=198%, cutoff=0%)
 ps circuit1: "0"   (unresolved expression)  (property type mismatch)
 as circuit1: "0"   (unresolved expression)  (property type mismatch)
 pd circuit1: "0"   (unresolved expression)  (property type mismatch)
 ad circuit1: "0"   (unresolved expression)  (property type mismatch)
sky130_fd_pr__nfet_01v833 vs. inv_weak_pulldown5/sky130_fd_pr__nfet_01v8M3:
Property mult in circuit2 has no matching property in circuit1
sky130_fd_pr__nfet_01v833 vs. inv_weak_pulldown5/sky130_fd_pr__nfet_01v8M3:
Property sd in circuit2 has no matching property in circuit1
sky130_fd_pr__nfet_01v833 vs. inv_weak_pulldown5/sky130_fd_pr__nfet_01v8M3:
Property sb in circuit2 has no matching property in circuit1
sky130_fd_pr__nfet_01v833 vs. inv_weak_pulldown5/sky130_fd_pr__nfet_01v8M3:
Property sa in circuit2 has no matching property in circuit1
sky130_fd_pr__nfet_01v833 vs. inv_weak_pulldown5/sky130_fd_pr__nfet_01v8M3:
Property nrs in circuit2 has no matching property in circuit1
sky130_fd_pr__nfet_01v833 vs. inv_weak_pulldown5/sky130_fd_pr__nfet_01v8M3:
Property nrd in circuit2 has no matching property in circuit1
sky130_fd_pr__nfet_01v833 vs. inv_weak_pulldown5/sky130_fd_pr__nfet_01v8M3:
Property nf in circuit2 has no matching property in circuit1
sky130_fd_pr__nfet_01v842 vs. inv_weak_pulldown9/sky130_fd_pr__nfet_01v8M1:
 l circuit1: 30   circuit2: 0.18   (delta=198%, cutoff=0%)
 w circuit1: 84   circuit2: 0.42   (delta=198%, cutoff=0%)
 ps circuit1: "0"   (unresolved expression)  (property type mismatch)
 as circuit1: "0"   (unresolved expression)  (property type mismatch)
 pd circuit1: "0"   (unresolved expression)  (property type mismatch)
 ad circuit1: "0"   (unresolved expression)  (property type mismatch)
sky130_fd_pr__nfet_01v842 vs. inv_weak_pulldown9/sky130_fd_pr__nfet_01v8M1:
Property mult in circuit2 has no matching property in circuit1
sky130_fd_pr__nfet_01v842 vs. inv_weak_pulldown9/sky130_fd_pr__nfet_01v8M1:
Property sd in circuit2 has no matching property in circuit1
sky130_fd_pr__nfet_01v842 vs. inv_weak_pulldown9/sky130_fd_pr__nfet_01v8M1:
Property sb in circuit2 has no matching property in circuit1
sky130_fd_pr__nfet_01v842 vs. inv_weak_pulldown9/sky130_fd_pr__nfet_01v8M1:
Property sa in circuit2 has no matching property in circuit1
sky130_fd_pr__nfet_01v842 vs. inv_weak_pulldown9/sky130_fd_pr__nfet_01v8M1:
Property nrs in circuit2 has no matching property in circuit1
sky130_fd_pr__nfet_01v842 vs. inv_weak_pulldown9/sky130_fd_pr__nfet_01v8M1:
Property nrd in circuit2 has no matching property in circuit1
sky130_fd_pr__nfet_01v842 vs. inv_weak_pulldown9/sky130_fd_pr__nfet_01v8M1:
Property nf in circuit2 has no matching property in circuit1
sky130_fd_pr__nfet_01v837 vs. inv_weak_pulldown5/sky130_fd_pr__nfet_01v8M1:
 l circuit1: 30   circuit2: 0.18   (delta=198%, cutoff=0%)
 w circuit1: 84   circuit2: 0.42   (delta=198%, cutoff=0%)
 ps circuit1: "0"   (unresolved expression)  (property type mismatch)
 as circuit1: "0"   (unresolved expression)  (property type mismatch)
 pd circuit1: "0"   (unresolved expression)  (property type mismatch)
 ad circuit1: "0"   (unresolved expression)  (property type mismatch)
sky130_fd_pr__nfet_01v837 vs. inv_weak_pulldown5/sky130_fd_pr__nfet_01v8M1:
Property mult in circuit2 has no matching property in circuit1
sky130_fd_pr__nfet_01v837 vs. inv_weak_pulldown5/sky130_fd_pr__nfet_01v8M1:
Property sd in circuit2 has no matching property in circuit1
sky130_fd_pr__nfet_01v837 vs. inv_weak_pulldown5/sky130_fd_pr__nfet_01v8M1:
Property sb in circuit2 has no matching property in circuit1
sky130_fd_pr__nfet_01v837 vs. inv_weak_pulldown5/sky130_fd_pr__nfet_01v8M1:
Property sa in circuit2 has no matching property in circuit1
sky130_fd_pr__nfet_01v837 vs. inv_weak_pulldown5/sky130_fd_pr__nfet_01v8M1:
Property nrs in circuit2 has no matching property in circuit1
sky130_fd_pr__nfet_01v837 vs. inv_weak_pulldown5/sky130_fd_pr__nfet_01v8M1:
Property nrd in circuit2 has no matching property in circuit1
sky130_fd_pr__nfet_01v837 vs. inv_weak_pulldown5/sky130_fd_pr__nfet_01v8M1:
Property nf in circuit2 has no matching property in circuit1
sky130_fd_pr__nfet_01v822 vs. inv_weak_pulldown2/sky130_fd_pr__nfet_01v8M1:
 l circuit1: 30   circuit2: 0.18   (delta=198%, cutoff=0%)
 w circuit1: 84   circuit2: 0.42   (delta=198%, cutoff=0%)
 ps circuit1: "0"   (unresolved expression)  (property type mismatch)
 as circuit1: "0"   (unresolved expression)  (property type mismatch)
 pd circuit1: "0"   (unresolved expression)  (property type mismatch)
 ad circuit1: "0"   (unresolved expression)  (property type mismatch)
sky130_fd_pr__nfet_01v822 vs. inv_weak_pulldown2/sky130_fd_pr__nfet_01v8M1:
Property mult in circuit2 has no matching property in circuit1
sky130_fd_pr__nfet_01v822 vs. inv_weak_pulldown2/sky130_fd_pr__nfet_01v8M1:
Property sd in circuit2 has no matching property in circuit1
sky130_fd_pr__nfet_01v822 vs. inv_weak_pulldown2/sky130_fd_pr__nfet_01v8M1:
Property sb in circuit2 has no matching property in circuit1
sky130_fd_pr__nfet_01v822 vs. inv_weak_pulldown2/sky130_fd_pr__nfet_01v8M1:
Property sa in circuit2 has no matching property in circuit1
sky130_fd_pr__nfet_01v822 vs. inv_weak_pulldown2/sky130_fd_pr__nfet_01v8M1:
Property nrs in circuit2 has no matching property in circuit1
sky130_fd_pr__nfet_01v822 vs. inv_weak_pulldown2/sky130_fd_pr__nfet_01v8M1:
Property nrd in circuit2 has no matching property in circuit1
sky130_fd_pr__nfet_01v822 vs. inv_weak_pulldown2/sky130_fd_pr__nfet_01v8M1:
Property nf in circuit2 has no matching property in circuit1
sky130_fd_pr__nfet_01v814 vs. comp_clks4/sky130_fd_pr__nfet_01v8M7:
 l circuit1: 30   circuit2: 0.18   (delta=198%, cutoff=0%)
 w circuit1: 84   circuit2: 0.42   (delta=198%, cutoff=0%)
 ps circuit1: "0"   (unresolved expression)  (property type mismatch)
 as circuit1: "0"   (unresolved expression)  (property type mismatch)
 pd circuit1: "0"   (unresolved expression)  (property type mismatch)
 ad circuit1: "0"   (unresolved expression)  (property type mismatch)
sky130_fd_pr__nfet_01v814 vs. comp_clks4/sky130_fd_pr__nfet_01v8M7:
Property mult in circuit2 has no matching property in circuit1
sky130_fd_pr__nfet_01v814 vs. comp_clks4/sky130_fd_pr__nfet_01v8M7:
Property sd in circuit2 has no matching property in circuit1
sky130_fd_pr__nfet_01v814 vs. comp_clks4/sky130_fd_pr__nfet_01v8M7:
Property sb in circuit2 has no matching property in circuit1
sky130_fd_pr__nfet_01v814 vs. comp_clks4/sky130_fd_pr__nfet_01v8M7:
Property sa in circuit2 has no matching property in circuit1
sky130_fd_pr__nfet_01v814 vs. comp_clks4/sky130_fd_pr__nfet_01v8M7:
Property nrs in circuit2 has no matching property in circuit1
sky130_fd_pr__nfet_01v814 vs. comp_clks4/sky130_fd_pr__nfet_01v8M7:
Property nrd in circuit2 has no matching property in circuit1
sky130_fd_pr__nfet_01v814 vs. comp_clks4/sky130_fd_pr__nfet_01v8M7:
Property nf in circuit2 has no matching property in circuit1
sky130_fd_pr__nfet_01v831 vs. comp_clks7/sky130_fd_pr__nfet_01v8M7:
 l circuit1: 30   circuit2: 0.18   (delta=198%, cutoff=0%)
 w circuit1: 84   circuit2: 0.42   (delta=198%, cutoff=0%)
 ps circuit1: "0"   (unresolved expression)  (property type mismatch)
 as circuit1: "0"   (unresolved expression)  (property type mismatch)
 pd circuit1: "0"   (unresolved expression)  (property type mismatch)
 ad circuit1: "0"   (unresolved expression)  (property type mismatch)
sky130_fd_pr__nfet_01v831 vs. comp_clks7/sky130_fd_pr__nfet_01v8M7:
Property mult in circuit2 has no matching property in circuit1
sky130_fd_pr__nfet_01v831 vs. comp_clks7/sky130_fd_pr__nfet_01v8M7:
Property sd in circuit2 has no matching property in circuit1
sky130_fd_pr__nfet_01v831 vs. comp_clks7/sky130_fd_pr__nfet_01v8M7:
Property sb in circuit2 has no matching property in circuit1
sky130_fd_pr__nfet_01v831 vs. comp_clks7/sky130_fd_pr__nfet_01v8M7:
Property sa in circuit2 has no matching property in circuit1
sky130_fd_pr__nfet_01v831 vs. comp_clks7/sky130_fd_pr__nfet_01v8M7:
Property nrs in circuit2 has no matching property in circuit1
sky130_fd_pr__nfet_01v831 vs. comp_clks7/sky130_fd_pr__nfet_01v8M7:
Property nrd in circuit2 has no matching property in circuit1
sky130_fd_pr__nfet_01v831 vs. comp_clks7/sky130_fd_pr__nfet_01v8M7:
Property nf in circuit2 has no matching property in circuit1
sky130_fd_pr__nfet_01v86 vs. comp_clks10/sky130_fd_pr__nfet_01v8M7:
 l circuit1: 30   circuit2: 0.18   (delta=198%, cutoff=0%)
 w circuit1: 84   circuit2: 0.42   (delta=198%, cutoff=0%)
 ps circuit1: "0"   (unresolved expression)  (property type mismatch)
 as circuit1: "0"   (unresolved expression)  (property type mismatch)
 pd circuit1: "0"   (unresolved expression)  (property type mismatch)
 ad circuit1: "0"   (unresolved expression)  (property type mismatch)
sky130_fd_pr__nfet_01v86 vs. comp_clks10/sky130_fd_pr__nfet_01v8M7:
Property mult in circuit2 has no matching property in circuit1
sky130_fd_pr__nfet_01v86 vs. comp_clks10/sky130_fd_pr__nfet_01v8M7:
Property sd in circuit2 has no matching property in circuit1
sky130_fd_pr__nfet_01v86 vs. comp_clks10/sky130_fd_pr__nfet_01v8M7:
Property sb in circuit2 has no matching property in circuit1
sky130_fd_pr__nfet_01v86 vs. comp_clks10/sky130_fd_pr__nfet_01v8M7:
Property sa in circuit2 has no matching property in circuit1
sky130_fd_pr__nfet_01v86 vs. comp_clks10/sky130_fd_pr__nfet_01v8M7:
Property nrs in circuit2 has no matching property in circuit1
sky130_fd_pr__nfet_01v86 vs. comp_clks10/sky130_fd_pr__nfet_01v8M7:
Property nrd in circuit2 has no matching property in circuit1
sky130_fd_pr__nfet_01v86 vs. comp_clks10/sky130_fd_pr__nfet_01v8M7:
Property nf in circuit2 has no matching property in circuit1
sky130_fd_pr__nfet_01v841 vs. inv_weak_pulldown9/sky130_fd_pr__nfet_01v8M3:
 l circuit1: 30   circuit2: 0.54   (delta=193%, cutoff=0%)
 w circuit1: 84   circuit2: 0.42   (delta=198%, cutoff=0%)
 ps circuit1: "0"   (unresolved expression)  (property type mismatch)
 as circuit1: "0"   (unresolved expression)  (property type mismatch)
 pd circuit1: "0"   (unresolved expression)  (property type mismatch)
 ad circuit1: "0"   (unresolved expression)  (property type mismatch)
sky130_fd_pr__nfet_01v841 vs. inv_weak_pulldown9/sky130_fd_pr__nfet_01v8M3:
Property mult in circuit2 has no matching property in circuit1
sky130_fd_pr__nfet_01v841 vs. inv_weak_pulldown9/sky130_fd_pr__nfet_01v8M3:
Property sd in circuit2 has no matching property in circuit1
sky130_fd_pr__nfet_01v841 vs. inv_weak_pulldown9/sky130_fd_pr__nfet_01v8M3:
Property sb in circuit2 has no matching property in circuit1
sky130_fd_pr__nfet_01v841 vs. inv_weak_pulldown9/sky130_fd_pr__nfet_01v8M3:
Property sa in circuit2 has no matching property in circuit1
sky130_fd_pr__nfet_01v841 vs. inv_weak_pulldown9/sky130_fd_pr__nfet_01v8M3:
Property nrs in circuit2 has no matching property in circuit1
sky130_fd_pr__nfet_01v841 vs. inv_weak_pulldown9/sky130_fd_pr__nfet_01v8M3:
Property nrd in circuit2 has no matching property in circuit1
sky130_fd_pr__nfet_01v841 vs. inv_weak_pulldown9/sky130_fd_pr__nfet_01v8M3:
Property nf in circuit2 has no matching property in circuit1
sky130_fd_pr__nfet_01v835 vs. inv_weak_pullup3/sky130_fd_pr__nfet_01v8M1:
 l circuit1: 30   circuit2: 0.18   (delta=198%, cutoff=0%)
 w circuit1: 84   circuit2: 0.42   (delta=198%, cutoff=0%)
 ps circuit1: "0"   (unresolved expression)  (property type mismatch)
 as circuit1: "0"   (unresolved expression)  (property type mismatch)
 pd circuit1: "0"   (unresolved expression)  (property type mismatch)
 ad circuit1: "0"   (unresolved expression)  (property type mismatch)
sky130_fd_pr__nfet_01v835 vs. inv_weak_pullup3/sky130_fd_pr__nfet_01v8M1:
Property mult in circuit2 has no matching property in circuit1
sky130_fd_pr__nfet_01v835 vs. inv_weak_pullup3/sky130_fd_pr__nfet_01v8M1:
Property sd in circuit2 has no matching property in circuit1
sky130_fd_pr__nfet_01v835 vs. inv_weak_pullup3/sky130_fd_pr__nfet_01v8M1:
Property sb in circuit2 has no matching property in circuit1
sky130_fd_pr__nfet_01v835 vs. inv_weak_pullup3/sky130_fd_pr__nfet_01v8M1:
Property sa in circuit2 has no matching property in circuit1
sky130_fd_pr__nfet_01v835 vs. inv_weak_pullup3/sky130_fd_pr__nfet_01v8M1:
Property nrs in circuit2 has no matching property in circuit1
sky130_fd_pr__nfet_01v835 vs. inv_weak_pullup3/sky130_fd_pr__nfet_01v8M1:
Property nrd in circuit2 has no matching property in circuit1
sky130_fd_pr__nfet_01v835 vs. inv_weak_pullup3/sky130_fd_pr__nfet_01v8M1:
Property nf in circuit2 has no matching property in circuit1
sky130_fd_pr__nfet_01v827 vs. inv_weak_pullup6/sky130_fd_pr__nfet_01v8M1:
 l circuit1: 30   circuit2: 0.18   (delta=198%, cutoff=0%)
 w circuit1: 84   circuit2: 0.42   (delta=198%, cutoff=0%)
 ps circuit1: "0"   (unresolved expression)  (property type mismatch)
 as circuit1: "0"   (unresolved expression)  (property type mismatch)
 pd circuit1: "0"   (unresolved expression)  (property type mismatch)
 ad circuit1: "0"   (unresolved expression)  (property type mismatch)
sky130_fd_pr__nfet_01v827 vs. inv_weak_pullup6/sky130_fd_pr__nfet_01v8M1:
Property mult in circuit2 has no matching property in circuit1
sky130_fd_pr__nfet_01v827 vs. inv_weak_pullup6/sky130_fd_pr__nfet_01v8M1:
Property sd in circuit2 has no matching property in circuit1
sky130_fd_pr__nfet_01v827 vs. inv_weak_pullup6/sky130_fd_pr__nfet_01v8M1:
Property sb in circuit2 has no matching property in circuit1
sky130_fd_pr__nfet_01v827 vs. inv_weak_pullup6/sky130_fd_pr__nfet_01v8M1:
Property sa in circuit2 has no matching property in circuit1
sky130_fd_pr__nfet_01v827 vs. inv_weak_pullup6/sky130_fd_pr__nfet_01v8M1:
Property nrs in circuit2 has no matching property in circuit1
sky130_fd_pr__nfet_01v827 vs. inv_weak_pullup6/sky130_fd_pr__nfet_01v8M1:
Property nrd in circuit2 has no matching property in circuit1
sky130_fd_pr__nfet_01v827 vs. inv_weak_pullup6/sky130_fd_pr__nfet_01v8M1:
Property nf in circuit2 has no matching property in circuit1
Cells have no pins;  pin matching not needed.
Device classes filter_clkgen.spice and filter_clkgen_x.spice are equivalent.
Circuits match uniquely.
Property errors were found.
The following cells had property errors:
 filter_clkgen.spice
