Equate elements:  no current cell.
Equate elements:  no current cell.
Flattening unmatched subcell analogMux in circuit multiplier_differential.spice (1)(2 instances)

Subcircuit summary:
Circuit 1: mux.spice                       |Circuit 2: multiplier_differential.spice   
-------------------------------------------|-------------------------------------------
sky130_fd_pr__pfet_01v8 (4)                |sky130_fd_pr__pfet_01v8 (4)                
sky130_fd_pr__nfet_01v8 (4)                |sky130_fd_pr__nfet_01v8 (4)                
Number of devices: 8                       |Number of devices: 8                       
Number of nets: 8                          |Number of nets: 8                          
---------------------------------------------------------------------------------------
Resolving automorphisms by property value.
Resolving automorphisms by pin name.
Netlists match with 6 symmetries.
Circuits match correctly.
There were property errors.
sky130_fd_pr__nfet_01v8:4 vs. analogMux:1/sky130_fd_pr__nfet_01v8:M2:
 ps circuit1: 0   (unresolved expression)  (property type mismatch)
 as circuit1: 0   (unresolved expression)  (property type mismatch)
 pd circuit1: 0   (unresolved expression)  (property type mismatch)
 ad circuit1: 0   (unresolved expression)  (property type mismatch)
sky130_fd_pr__nfet_01v8:4 vs. analogMux:1/sky130_fd_pr__nfet_01v8:M2:
Property mult in circuit2 has no matching property in circuit1
sky130_fd_pr__nfet_01v8:4 vs. analogMux:1/sky130_fd_pr__nfet_01v8:M2:
Property sd in circuit2 has no matching property in circuit1
sky130_fd_pr__nfet_01v8:4 vs. analogMux:1/sky130_fd_pr__nfet_01v8:M2:
Property sb in circuit2 has no matching property in circuit1
sky130_fd_pr__nfet_01v8:4 vs. analogMux:1/sky130_fd_pr__nfet_01v8:M2:
Property sa in circuit2 has no matching property in circuit1
sky130_fd_pr__nfet_01v8:4 vs. analogMux:1/sky130_fd_pr__nfet_01v8:M2:
Property nrs in circuit2 has no matching property in circuit1
sky130_fd_pr__nfet_01v8:4 vs. analogMux:1/sky130_fd_pr__nfet_01v8:M2:
Property nrd in circuit2 has no matching property in circuit1
sky130_fd_pr__nfet_01v8:4 vs. analogMux:1/sky130_fd_pr__nfet_01v8:M2:
Property nf in circuit2 has no matching property in circuit1
sky130_fd_pr__nfet_01v8:6 vs. analogMux:2/sky130_fd_pr__nfet_01v8:M2:
 ps circuit1: 0   (unresolved expression)  (property type mismatch)
 as circuit1: 0   (unresolved expression)  (property type mismatch)
 pd circuit1: 0   (unresolved expression)  (property type mismatch)
 ad circuit1: 0   (unresolved expression)  (property type mismatch)
sky130_fd_pr__nfet_01v8:6 vs. analogMux:2/sky130_fd_pr__nfet_01v8:M2:
Property mult in circuit2 has no matching property in circuit1
sky130_fd_pr__nfet_01v8:6 vs. analogMux:2/sky130_fd_pr__nfet_01v8:M2:
Property sd in circuit2 has no matching property in circuit1
sky130_fd_pr__nfet_01v8:6 vs. analogMux:2/sky130_fd_pr__nfet_01v8:M2:
Property sb in circuit2 has no matching property in circuit1
sky130_fd_pr__nfet_01v8:6 vs. analogMux:2/sky130_fd_pr__nfet_01v8:M2:
Property sa in circuit2 has no matching property in circuit1
sky130_fd_pr__nfet_01v8:6 vs. analogMux:2/sky130_fd_pr__nfet_01v8:M2:
Property nrs in circuit2 has no matching property in circuit1
sky130_fd_pr__nfet_01v8:6 vs. analogMux:2/sky130_fd_pr__nfet_01v8:M2:
Property nrd in circuit2 has no matching property in circuit1
sky130_fd_pr__nfet_01v8:6 vs. analogMux:2/sky130_fd_pr__nfet_01v8:M2:
Property nf in circuit2 has no matching property in circuit1
sky130_fd_pr__nfet_01v8:3 vs. analogMux:1/sky130_fd_pr__nfet_01v8:M7:
 ps circuit1: 0   (unresolved expression)  (property type mismatch)
 as circuit1: 0   (unresolved expression)  (property type mismatch)
 pd circuit1: 0   (unresolved expression)  (property type mismatch)
 ad circuit1: 0   (unresolved expression)  (property type mismatch)
sky130_fd_pr__nfet_01v8:3 vs. analogMux:1/sky130_fd_pr__nfet_01v8:M7:
Property mult in circuit2 has no matching property in circuit1
sky130_fd_pr__nfet_01v8:3 vs. analogMux:1/sky130_fd_pr__nfet_01v8:M7:
Property sd in circuit2 has no matching property in circuit1
sky130_fd_pr__nfet_01v8:3 vs. analogMux:1/sky130_fd_pr__nfet_01v8:M7:
Property sb in circuit2 has no matching property in circuit1
sky130_fd_pr__nfet_01v8:3 vs. analogMux:1/sky130_fd_pr__nfet_01v8:M7:
Property sa in circuit2 has no matching property in circuit1
sky130_fd_pr__nfet_01v8:3 vs. analogMux:1/sky130_fd_pr__nfet_01v8:M7:
Property nrs in circuit2 has no matching property in circuit1
sky130_fd_pr__nfet_01v8:3 vs. analogMux:1/sky130_fd_pr__nfet_01v8:M7:
Property nrd in circuit2 has no matching property in circuit1
sky130_fd_pr__nfet_01v8:3 vs. analogMux:1/sky130_fd_pr__nfet_01v8:M7:
Property nf in circuit2 has no matching property in circuit1
sky130_fd_pr__nfet_01v8:2 vs. analogMux:2/sky130_fd_pr__nfet_01v8:M7:
 ps circuit1: 0   (unresolved expression)  (property type mismatch)
 as circuit1: 0   (unresolved expression)  (property type mismatch)
 pd circuit1: 0   (unresolved expression)  (property type mismatch)
 ad circuit1: 0   (unresolved expression)  (property type mismatch)
sky130_fd_pr__nfet_01v8:2 vs. analogMux:2/sky130_fd_pr__nfet_01v8:M7:
Property mult in circuit2 has no matching property in circuit1
sky130_fd_pr__nfet_01v8:2 vs. analogMux:2/sky130_fd_pr__nfet_01v8:M7:
Property sd in circuit2 has no matching property in circuit1
sky130_fd_pr__nfet_01v8:2 vs. analogMux:2/sky130_fd_pr__nfet_01v8:M7:
Property sb in circuit2 has no matching property in circuit1
sky130_fd_pr__nfet_01v8:2 vs. analogMux:2/sky130_fd_pr__nfet_01v8:M7:
Property sa in circuit2 has no matching property in circuit1
sky130_fd_pr__nfet_01v8:2 vs. analogMux:2/sky130_fd_pr__nfet_01v8:M7:
Property nrs in circuit2 has no matching property in circuit1
sky130_fd_pr__nfet_01v8:2 vs. analogMux:2/sky130_fd_pr__nfet_01v8:M7:
Property nrd in circuit2 has no matching property in circuit1
sky130_fd_pr__nfet_01v8:2 vs. analogMux:2/sky130_fd_pr__nfet_01v8:M7:
Property nf in circuit2 has no matching property in circuit1
sky130_fd_pr__pfet_01v8:0 vs. analogMux:1/sky130_fd_pr__pfet_01v8:M4:
 ps circuit1: 0   (unresolved expression)  (property type mismatch)
 as circuit1: 0   (unresolved expression)  (property type mismatch)
 pd circuit1: 0   (unresolved expression)  (property type mismatch)
 ad circuit1: 0   (unresolved expression)  (property type mismatch)
sky130_fd_pr__pfet_01v8:0 vs. analogMux:1/sky130_fd_pr__pfet_01v8:M4:
Property mult in circuit2 has no matching property in circuit1
sky130_fd_pr__pfet_01v8:0 vs. analogMux:1/sky130_fd_pr__pfet_01v8:M4:
Property sd in circuit2 has no matching property in circuit1
sky130_fd_pr__pfet_01v8:0 vs. analogMux:1/sky130_fd_pr__pfet_01v8:M4:
Property sb in circuit2 has no matching property in circuit1
sky130_fd_pr__pfet_01v8:0 vs. analogMux:1/sky130_fd_pr__pfet_01v8:M4:
Property sa in circuit2 has no matching property in circuit1
sky130_fd_pr__pfet_01v8:0 vs. analogMux:1/sky130_fd_pr__pfet_01v8:M4:
Property nrs in circuit2 has no matching property in circuit1
sky130_fd_pr__pfet_01v8:0 vs. analogMux:1/sky130_fd_pr__pfet_01v8:M4:
Property nrd in circuit2 has no matching property in circuit1
sky130_fd_pr__pfet_01v8:0 vs. analogMux:1/sky130_fd_pr__pfet_01v8:M4:
Property nf in circuit2 has no matching property in circuit1
sky130_fd_pr__pfet_01v8:1 vs. analogMux:2/sky130_fd_pr__pfet_01v8:M4:
 ps circuit1: 0   (unresolved expression)  (property type mismatch)
 as circuit1: 0   (unresolved expression)  (property type mismatch)
 pd circuit1: 0   (unresolved expression)  (property type mismatch)
 ad circuit1: 0   (unresolved expression)  (property type mismatch)
sky130_fd_pr__pfet_01v8:1 vs. analogMux:2/sky130_fd_pr__pfet_01v8:M4:
Property mult in circuit2 has no matching property in circuit1
sky130_fd_pr__pfet_01v8:1 vs. analogMux:2/sky130_fd_pr__pfet_01v8:M4:
Property sd in circuit2 has no matching property in circuit1
sky130_fd_pr__pfet_01v8:1 vs. analogMux:2/sky130_fd_pr__pfet_01v8:M4:
Property sb in circuit2 has no matching property in circuit1
sky130_fd_pr__pfet_01v8:1 vs. analogMux:2/sky130_fd_pr__pfet_01v8:M4:
Property sa in circuit2 has no matching property in circuit1
sky130_fd_pr__pfet_01v8:1 vs. analogMux:2/sky130_fd_pr__pfet_01v8:M4:
Property nrs in circuit2 has no matching property in circuit1
sky130_fd_pr__pfet_01v8:1 vs. analogMux:2/sky130_fd_pr__pfet_01v8:M4:
Property nrd in circuit2 has no matching property in circuit1
sky130_fd_pr__pfet_01v8:1 vs. analogMux:2/sky130_fd_pr__pfet_01v8:M4:
Property nf in circuit2 has no matching property in circuit1
sky130_fd_pr__pfet_01v8:7 vs. analogMux:1/sky130_fd_pr__pfet_01v8:M8:
 ps circuit1: 0   (unresolved expression)  (property type mismatch)
 as circuit1: 0   (unresolved expression)  (property type mismatch)
 pd circuit1: 0   (unresolved expression)  (property type mismatch)
 ad circuit1: 0   (unresolved expression)  (property type mismatch)
sky130_fd_pr__pfet_01v8:7 vs. analogMux:1/sky130_fd_pr__pfet_01v8:M8:
Property mult in circuit2 has no matching property in circuit1
sky130_fd_pr__pfet_01v8:7 vs. analogMux:1/sky130_fd_pr__pfet_01v8:M8:
Property sd in circuit2 has no matching property in circuit1
sky130_fd_pr__pfet_01v8:7 vs. analogMux:1/sky130_fd_pr__pfet_01v8:M8:
Property sb in circuit2 has no matching property in circuit1
sky130_fd_pr__pfet_01v8:7 vs. analogMux:1/sky130_fd_pr__pfet_01v8:M8:
Property sa in circuit2 has no matching property in circuit1
sky130_fd_pr__pfet_01v8:7 vs. analogMux:1/sky130_fd_pr__pfet_01v8:M8:
Property nrs in circuit2 has no matching property in circuit1
sky130_fd_pr__pfet_01v8:7 vs. analogMux:1/sky130_fd_pr__pfet_01v8:M8:
Property nrd in circuit2 has no matching property in circuit1
sky130_fd_pr__pfet_01v8:7 vs. analogMux:1/sky130_fd_pr__pfet_01v8:M8:
Property nf in circuit2 has no matching property in circuit1
sky130_fd_pr__pfet_01v8:5 vs. analogMux:2/sky130_fd_pr__pfet_01v8:M8:
 ps circuit1: 0   (unresolved expression)  (property type mismatch)
 as circuit1: 0   (unresolved expression)  (property type mismatch)
 pd circuit1: 0   (unresolved expression)  (property type mismatch)
 ad circuit1: 0   (unresolved expression)  (property type mismatch)
sky130_fd_pr__pfet_01v8:5 vs. analogMux:2/sky130_fd_pr__pfet_01v8:M8:
Property mult in circuit2 has no matching property in circuit1
sky130_fd_pr__pfet_01v8:5 vs. analogMux:2/sky130_fd_pr__pfet_01v8:M8:
Property sd in circuit2 has no matching property in circuit1
sky130_fd_pr__pfet_01v8:5 vs. analogMux:2/sky130_fd_pr__pfet_01v8:M8:
Property sb in circuit2 has no matching property in circuit1
sky130_fd_pr__pfet_01v8:5 vs. analogMux:2/sky130_fd_pr__pfet_01v8:M8:
Property sa in circuit2 has no matching property in circuit1
sky130_fd_pr__pfet_01v8:5 vs. analogMux:2/sky130_fd_pr__pfet_01v8:M8:
Property nrs in circuit2 has no matching property in circuit1
sky130_fd_pr__pfet_01v8:5 vs. analogMux:2/sky130_fd_pr__pfet_01v8:M8:
Property nrd in circuit2 has no matching property in circuit1
sky130_fd_pr__pfet_01v8:5 vs. analogMux:2/sky130_fd_pr__pfet_01v8:M8:
Property nf in circuit2 has no matching property in circuit1
Cells have no pins;  pin matching not needed.
Device classes mux.spice and multiplier_differential.spice are equivalent.
Circuits match uniquely.
Property errors were found.
The following cells had property errors:
 mux.spice
