Equate elements:  no current cell.
Equate elements:  no current cell.
Equate elements:  no current cell.

Subcircuit summary:
Circuit 1: comparator.spice                |Circuit 2: comp_buf.spice                  
-------------------------------------------|-------------------------------------------
sky130_fd_pr__nfet_01v8_lvt (5)            |sky130_fd_pr__nfet_01v8_lvt (5)            
sky130_fd_pr__pfet_01v8 (6)                |sky130_fd_pr__pfet_01v8 (6)                
sky130_fd_pr__nfet_03v3_nvt (2)            |sky130_fd_pr__nfet_03v3_nvt (2)            
Number of devices: 13                      |Number of devices: 13                      
Number of nets: 13                         |Number of nets: 13                         
---------------------------------------------------------------------------------------
Resolving automorphisms by property value.
Resolving automorphisms by pin name.
Netlists match uniquely.
Circuits match correctly.
There were property errors.
sky130_fd_pr__nfet_03v3_nvt:10 vs. sky130_fd_pr__nfet_03v3_nvt:M3:
 ps circuit1: 0   (unresolved expression)  (property type mismatch)
 as circuit1: 0   (unresolved expression)  (property type mismatch)
 pd circuit1: 0   (unresolved expression)  (property type mismatch)
 ad circuit1: 0   (unresolved expression)  (property type mismatch)
sky130_fd_pr__nfet_03v3_nvt:10 vs. sky130_fd_pr__nfet_03v3_nvt:M3:
Property mult in circuit2 has no matching property in circuit1
sky130_fd_pr__nfet_03v3_nvt:10 vs. sky130_fd_pr__nfet_03v3_nvt:M3:
Property sd in circuit2 has no matching property in circuit1
sky130_fd_pr__nfet_03v3_nvt:10 vs. sky130_fd_pr__nfet_03v3_nvt:M3:
Property sb in circuit2 has no matching property in circuit1
sky130_fd_pr__nfet_03v3_nvt:10 vs. sky130_fd_pr__nfet_03v3_nvt:M3:
Property sa in circuit2 has no matching property in circuit1
sky130_fd_pr__nfet_03v3_nvt:10 vs. sky130_fd_pr__nfet_03v3_nvt:M3:
Property nrs in circuit2 has no matching property in circuit1
sky130_fd_pr__nfet_03v3_nvt:10 vs. sky130_fd_pr__nfet_03v3_nvt:M3:
Property nrd in circuit2 has no matching property in circuit1
sky130_fd_pr__nfet_03v3_nvt:10 vs. sky130_fd_pr__nfet_03v3_nvt:M3:
Property nf in circuit2 has no matching property in circuit1
sky130_fd_pr__nfet_03v3_nvt:6 vs. sky130_fd_pr__nfet_03v3_nvt:M8:
 ps circuit1: 0   (unresolved expression)  (property type mismatch)
 as circuit1: 0   (unresolved expression)  (property type mismatch)
 pd circuit1: 0   (unresolved expression)  (property type mismatch)
 ad circuit1: 0   (unresolved expression)  (property type mismatch)
sky130_fd_pr__nfet_03v3_nvt:6 vs. sky130_fd_pr__nfet_03v3_nvt:M8:
Property mult in circuit2 has no matching property in circuit1
sky130_fd_pr__nfet_03v3_nvt:6 vs. sky130_fd_pr__nfet_03v3_nvt:M8:
Property sd in circuit2 has no matching property in circuit1
sky130_fd_pr__nfet_03v3_nvt:6 vs. sky130_fd_pr__nfet_03v3_nvt:M8:
Property sb in circuit2 has no matching property in circuit1
sky130_fd_pr__nfet_03v3_nvt:6 vs. sky130_fd_pr__nfet_03v3_nvt:M8:
Property sa in circuit2 has no matching property in circuit1
sky130_fd_pr__nfet_03v3_nvt:6 vs. sky130_fd_pr__nfet_03v3_nvt:M8:
Property nrs in circuit2 has no matching property in circuit1
sky130_fd_pr__nfet_03v3_nvt:6 vs. sky130_fd_pr__nfet_03v3_nvt:M8:
Property nrd in circuit2 has no matching property in circuit1
sky130_fd_pr__nfet_03v3_nvt:6 vs. sky130_fd_pr__nfet_03v3_nvt:M8:
Property nf in circuit2 has no matching property in circuit1
Cells have no pins;  pin matching not needed.
Device classes comparator.spice and comp_buf.spice are equivalent.
Circuits match uniquely.
Property errors were found.
The following cells had property errors:
 comparator.spice
