Equate elements:  no current cell.
Equate elements:  no current cell.
Flattening unmatched subcell comp_clks_1stage in circuit level_up_shifter_d_a_x.spice (0)(1 instance)
Flattening unmatched subcell transmission_gate in circuit level_up_shifter_d_a_x.spice (0)(1 instance)
Flattening unmatched subcell inv in circuit level_up_shifter_d_a_x.spice (0)(1 instance)
Flattening unmatched subcell level_up_shifter_no_inv in circuit level_up_shifter_d_a_x.spice (0)(1 instance)

Class level_up_shifter_d_a_x.spice (0):  Merged 6 parallel devices.
Class level_up_shifter_d_a.spice (1):  Merged 30 parallel devices.
Subcircuit summary:
Circuit 1: level_up_shifter_d_a_x.spice    |Circuit 2: level_up_shifter_d_a.spice      
-------------------------------------------|-------------------------------------------
sky130_fd_pr__nfet_01v8 (34->6)            |sky130_fd_pr__nfet_01v8 (34->6)            
sky130_fd_pr__pfet_01v8 (8->4)             |sky130_fd_pr__pfet_01v8 (6->4)             
Number of devices: 10                      |Number of devices: 10                      
Number of nets: 8                          |Number of nets: 8                          
---------------------------------------------------------------------------------------
Circuits match uniquely.
Property errors were found.
Netlists match uniquely.
There were property errors.
comp_clks_1stage:1/transmission_gate:3/sky130_fd_pr__pfet_01v8:M2 vs. sky130_fd_pr__pfet_01v8:0:
 W circuit1: 1.68   circuit2: 1.26   (delta=28.6%, cutoff=7%)
comp_clks_1stage:1/inv:1/sky130_fd_pr__pfet_01v8:M2 vs. sky130_fd_pr__pfet_01v8:4:
 W circuit1: 3   circuit2: 0.63   (delta=131%, cutoff=7%)
comp_clks_1stage:1/inv:1/sky130_fd_pr__nfet_01v8:M1 vs. sky130_fd_pr__nfet_01v8:3:
 W circuit1: 1   circuit2: 0.42   (delta=81.7%, cutoff=7%)
Cells have no pins;  pin matching not needed.
Device classes level_up_shifter_d_a_x.spice and level_up_shifter_d_a.spice are equivalent.
Circuits match uniquely.
Property errors were found.
The following cells had property errors:
 level_up_shifter_d_a_x.spice
