
 /----------------------------------------------------------------------------\
 |                                                                            |
 |  yosys -- Yosys Open SYnthesis Suite                                       |
 |                                                                            |
 |  Copyright (C) 2012 - 2020  Claire Xenia Wolf <claire@yosyshq.com>         |
 |                                                                            |
 |  Permission to use, copy, modify, and/or distribute this software for any  |
 |  purpose with or without fee is hereby granted, provided that the above    |
 |  copyright notice and this permission notice appear in all copies.         |
 |                                                                            |
 |  THE SOFTWARE IS PROVIDED "AS IS" AND THE AUTHOR DISCLAIMS ALL WARRANTIES  |
 |  WITH REGARD TO THIS SOFTWARE INCLUDING ALL IMPLIED WARRANTIES OF          |
 |  MERCHANTABILITY AND FITNESS. IN NO EVENT SHALL THE AUTHOR BE LIABLE FOR   |
 |  ANY SPECIAL, DIRECT, INDIRECT, OR CONSEQUENTIAL DAMAGES OR ANY DAMAGES    |
 |  WHATSOEVER RESULTING FROM LOSS OF USE, DATA OR PROFITS, WHETHER IN AN     |
 |  ACTION OF CONTRACT, NEGLIGENCE OR OTHER TORTIOUS ACTION, ARISING OUT OF   |
 |  OR IN CONNECTION WITH THE USE OR PERFORMANCE OF THIS SOFTWARE.            |
 |                                                                            |
 \----------------------------------------------------------------------------/

 Yosys 0.20+70 (git sha1 6e907acf86d, gcc 8.3.1 -fPIC -Os)

[TCL: yosys -import] Command name collision: found pre-existing command `cd' -> skip.
[TCL: yosys -import] Command name collision: found pre-existing command `eval' -> skip.
[TCL: yosys -import] Command name collision: found pre-existing command `exec' -> skip.
[TCL: yosys -import] Command name collision: found pre-existing command `read' -> skip.
[TCL: yosys -import] Command name collision: found pre-existing command `trace' -> skip.

1. Executing Verilog-2005 frontend: /local_disk/fossi_cochlea/caravel/verilog/rtl/defines.v
Parsing Verilog input from `/local_disk/fossi_cochlea/caravel/verilog/rtl/defines.v' to AST representation.
Successfully finished Verilog frontend.

2. Executing Verilog-2005 frontend: /local_disk/fossi_cochlea/openlane/user_project_wrapper/runs/22_09_16_14_33/../../../../verilog/final_verilog/digital_unison/digital_unison.v
Parsing Verilog input from `/local_disk/fossi_cochlea/openlane/user_project_wrapper/runs/22_09_16_14_33/../../../../verilog/final_verilog/digital_unison/digital_unison.v' to AST representation.
Generating RTLIL representation for module `\digital_unison'.
Successfully finished Verilog frontend.

3. Executing Verilog-2005 frontend: /local_disk/fossi_cochlea/openlane/user_project_wrapper/runs/22_09_16_14_33/../../../../verilog/rtl/filter_p_m.v
Parsing Verilog input from `/local_disk/fossi_cochlea/openlane/user_project_wrapper/runs/22_09_16_14_33/../../../../verilog/rtl/filter_p_m.v' to AST representation.
Generating RTLIL representation for module `\filter_p_m'.
Successfully finished Verilog frontend.

4. Executing Verilog-2005 frontend: /local_disk/fossi_cochlea/caravel/verilog/rtl/defines.v
Parsing Verilog input from `/local_disk/fossi_cochlea/caravel/verilog/rtl/defines.v' to AST representation.
Successfully finished Verilog frontend.

5. Executing Verilog-2005 frontend: /local_disk/fossi_cochlea/openlane/user_project_wrapper/runs/22_09_16_14_33/../../../../verilog/rtl/user_project_wrapper.v
Parsing Verilog input from `/local_disk/fossi_cochlea/openlane/user_project_wrapper/runs/22_09_16_14_33/../../../../verilog/rtl/user_project_wrapper.v' to AST representation.
Generating RTLIL representation for module `\user_project_wrapper'.
Successfully finished Verilog frontend.

6. Generating Graphviz representation of design.
Writing dot description to `/local_disk/fossi_cochlea/openlane/user_project_wrapper/runs/22_09_16_14_33/tmp/synthesis/hierarchy.dot'.
Dumping module user_project_wrapper to page 1.
Warning: WIDTHLABEL \la_data_in [5] 1
Warning: WIDTHLABEL \la_data_in [6] 1
Warning: WIDTHLABEL \la_data_in [7] 1
Warning: WIDTHLABEL \la_data_out [29:28] 2
Warning: WIDTHLABEL \la_data_out [31:30] 2
Warning: WIDTHLABEL \la_data_in [4] 1
Warning: WIDTHLABEL \la_data_in [6] 1
Warning: WIDTHLABEL \la_data_in [7] 1
Warning: WIDTHLABEL \la_data_out [25:24] 2
Warning: WIDTHLABEL \la_data_out [27:26] 2
Warning: WIDTHLABEL \la_data_in [3] 1
Warning: WIDTHLABEL \la_data_in [6] 1
Warning: WIDTHLABEL \la_data_in [7] 1
Warning: WIDTHLABEL \la_data_out [21:20] 2
Warning: WIDTHLABEL \la_data_out [23:22] 2
Warning: WIDTHLABEL \la_data_in [2] 1
Warning: WIDTHLABEL \la_data_in [6] 1
Warning: WIDTHLABEL \la_data_in [7] 1
Warning: WIDTHLABEL \la_data_out [17:16] 2
Warning: WIDTHLABEL \la_data_out [19:18] 2
Warning: WIDTHLABEL \la_data_in [1] 1
Warning: WIDTHLABEL \la_data_in [6] 1
Warning: WIDTHLABEL \la_data_in [7] 1
Warning: WIDTHLABEL \la_data_out [13:12] 2
Warning: WIDTHLABEL \la_data_out [15:14] 2
Warning: WIDTHLABEL \analog_io [5] 1
Warning: WIDTHLABEL \analog_io [4] 1
Warning: WIDTHLABEL \analog_io [3] 1
Warning: WIDTHLABEL \analog_io [2] 1
Warning: WIDTHLABEL \analog_io [1] 1
Warning: WIDTHLABEL \analog_io [0] 1
Warning: WIDTHLABEL \la_data_in [0] 1
Warning: WIDTHLABEL \la_data_in [6] 1
Warning: WIDTHLABEL \la_data_in [7] 1
Warning: WIDTHLABEL \la_data_out [9:8] 2
Warning: WIDTHLABEL \la_data_out [11:10] 2

7. Executing HIERARCHY pass (managing design hierarchy).

7.1. Analyzing design hierarchy..
Top module:  \user_project_wrapper

7.2. Analyzing design hierarchy..
Top module:  \user_project_wrapper
Removed 0 unused modules.
Warning: Resizing cell port user_project_wrapper.digital_unison_instance_0.sin_out from 1 bits to 8 bits.
Warning: Resizing cell port user_project_wrapper.digital_unison_instance_0.fb1_Q from 1 bits to 8 bits.
Warning: Resizing cell port user_project_wrapper.digital_unison_instance_0.cclk_Q from 1 bits to 8 bits.
Warning: Resizing cell port user_project_wrapper.digital_unison_instance_0.clkdiv2_Q from 1 bits to 8 bits.
Warning: Resizing cell port user_project_wrapper.digital_unison_instance_0.phi1b_dig_Q from 1 bits to 8 bits.
Warning: Resizing cell port user_project_wrapper.digital_unison_instance_0.comp_high_Q from 1 bits to 8 bits.

8. Printing statistics.

=== user_project_wrapper ===

   Number of wires:                 29
   Number of wire bits:            671
   Number of public wires:          25
   Number of public wire bits:     643
   Number of memories:               0
   Number of memory bits:            0
   Number of processes:              0
   Number of cells:                  7
     digital_unison                  6
     filter_p_m                      1

9. Executing SPLITNETS pass (splitting up multi-bit signals).

10. Executing OPT_CLEAN pass (remove unused cells and wires).
Finding unused cells or wires in module \user_project_wrapper..

11. Executing CHECK pass (checking for obvious problems).
Checking module user_project_wrapper...
Warning: Wire user_project_wrapper.\wbs_dat_o [31] is used but has no driver.
Warning: Wire user_project_wrapper.\wbs_dat_o [30] is used but has no driver.
Warning: Wire user_project_wrapper.\wbs_dat_o [29] is used but has no driver.
Warning: Wire user_project_wrapper.\wbs_dat_o [28] is used but has no driver.
Warning: Wire user_project_wrapper.\wbs_dat_o [27] is used but has no driver.
Warning: Wire user_project_wrapper.\wbs_dat_o [26] is used but has no driver.
Warning: Wire user_project_wrapper.\wbs_dat_o [25] is used but has no driver.
Warning: Wire user_project_wrapper.\wbs_dat_o [24] is used but has no driver.
Warning: Wire user_project_wrapper.\wbs_dat_o [23] is used but has no driver.
Warning: Wire user_project_wrapper.\wbs_dat_o [22] is used but has no driver.
Warning: Wire user_project_wrapper.\wbs_dat_o [21] is used but has no driver.
Warning: Wire user_project_wrapper.\wbs_dat_o [20] is used but has no driver.
Warning: Wire user_project_wrapper.\wbs_dat_o [19] is used but has no driver.
Warning: Wire user_project_wrapper.\wbs_dat_o [18] is used but has no driver.
Warning: Wire user_project_wrapper.\wbs_dat_o [17] is used but has no driver.
Warning: Wire user_project_wrapper.\wbs_dat_o [16] is used but has no driver.
Warning: Wire user_project_wrapper.\wbs_dat_o [15] is used but has no driver.
Warning: Wire user_project_wrapper.\wbs_dat_o [14] is used but has no driver.
Warning: Wire user_project_wrapper.\wbs_dat_o [13] is used but has no driver.
Warning: Wire user_project_wrapper.\wbs_dat_o [12] is used but has no driver.
Warning: Wire user_project_wrapper.\wbs_dat_o [11] is used but has no driver.
Warning: Wire user_project_wrapper.\wbs_dat_o [10] is used but has no driver.
Warning: Wire user_project_wrapper.\wbs_dat_o [9] is used but has no driver.
Warning: Wire user_project_wrapper.\wbs_dat_o [8] is used but has no driver.
Warning: Wire user_project_wrapper.\wbs_dat_o [7] is used but has no driver.
Warning: Wire user_project_wrapper.\wbs_dat_o [6] is used but has no driver.
Warning: Wire user_project_wrapper.\wbs_dat_o [5] is used but has no driver.
Warning: Wire user_project_wrapper.\wbs_dat_o [4] is used but has no driver.
Warning: Wire user_project_wrapper.\wbs_dat_o [3] is used but has no driver.
Warning: Wire user_project_wrapper.\wbs_dat_o [2] is used but has no driver.
Warning: Wire user_project_wrapper.\wbs_dat_o [1] is used but has no driver.
Warning: Wire user_project_wrapper.\wbs_dat_o [0] is used but has no driver.
Warning: Wire user_project_wrapper.\wbs_ack_o is used but has no driver.
Warning: Wire user_project_wrapper.\user_irq [2] is used but has no driver.
Warning: Wire user_project_wrapper.\user_irq [1] is used but has no driver.
Warning: Wire user_project_wrapper.\user_irq [0] is used but has no driver.
Warning: Wire user_project_wrapper.\la_data_out [127] is used but has no driver.
Warning: Wire user_project_wrapper.\la_data_out [126] is used but has no driver.
Warning: Wire user_project_wrapper.\la_data_out [125] is used but has no driver.
Warning: Wire user_project_wrapper.\la_data_out [124] is used but has no driver.
Warning: Wire user_project_wrapper.\la_data_out [123] is used but has no driver.
Warning: Wire user_project_wrapper.\la_data_out [122] is used but has no driver.
Warning: Wire user_project_wrapper.\la_data_out [121] is used but has no driver.
Warning: Wire user_project_wrapper.\la_data_out [120] is used but has no driver.
Warning: Wire user_project_wrapper.\la_data_out [119] is used but has no driver.
Warning: Wire user_project_wrapper.\la_data_out [118] is used but has no driver.
Warning: Wire user_project_wrapper.\la_data_out [117] is used but has no driver.
Warning: Wire user_project_wrapper.\la_data_out [116] is used but has no driver.
Warning: Wire user_project_wrapper.\la_data_out [115] is used but has no driver.
Warning: Wire user_project_wrapper.\la_data_out [114] is used but has no driver.
Warning: Wire user_project_wrapper.\la_data_out [113] is used but has no driver.
Warning: Wire user_project_wrapper.\la_data_out [112] is used but has no driver.
Warning: Wire user_project_wrapper.\la_data_out [111] is used but has no driver.
Warning: Wire user_project_wrapper.\la_data_out [110] is used but has no driver.
Warning: Wire user_project_wrapper.\la_data_out [109] is used but has no driver.
Warning: Wire user_project_wrapper.\la_data_out [108] is used but has no driver.
Warning: Wire user_project_wrapper.\la_data_out [107] is used but has no driver.
Warning: Wire user_project_wrapper.\la_data_out [106] is used but has no driver.
Warning: Wire user_project_wrapper.\la_data_out [105] is used but has no driver.
Warning: Wire user_project_wrapper.\la_data_out [104] is used but has no driver.
Warning: Wire user_project_wrapper.\la_data_out [103] is used but has no driver.
Warning: Wire user_project_wrapper.\la_data_out [102] is used but has no driver.
Warning: Wire user_project_wrapper.\la_data_out [101] is used but has no driver.
Warning: Wire user_project_wrapper.\la_data_out [100] is used but has no driver.
Warning: Wire user_project_wrapper.\la_data_out [99] is used but has no driver.
Warning: Wire user_project_wrapper.\la_data_out [98] is used but has no driver.
Warning: Wire user_project_wrapper.\la_data_out [97] is used but has no driver.
Warning: Wire user_project_wrapper.\la_data_out [96] is used but has no driver.
Warning: Wire user_project_wrapper.\la_data_out [95] is used but has no driver.
Warning: Wire user_project_wrapper.\la_data_out [94] is used but has no driver.
Warning: Wire user_project_wrapper.\la_data_out [93] is used but has no driver.
Warning: Wire user_project_wrapper.\la_data_out [92] is used but has no driver.
Warning: Wire user_project_wrapper.\la_data_out [91] is used but has no driver.
Warning: Wire user_project_wrapper.\la_data_out [90] is used but has no driver.
Warning: Wire user_project_wrapper.\la_data_out [89] is used but has no driver.
Warning: Wire user_project_wrapper.\la_data_out [88] is used but has no driver.
Warning: Wire user_project_wrapper.\la_data_out [87] is used but has no driver.
Warning: Wire user_project_wrapper.\la_data_out [86] is used but has no driver.
Warning: Wire user_project_wrapper.\la_data_out [85] is used but has no driver.
Warning: Wire user_project_wrapper.\la_data_out [84] is used but has no driver.
Warning: Wire user_project_wrapper.\la_data_out [83] is used but has no driver.
Warning: Wire user_project_wrapper.\la_data_out [82] is used but has no driver.
Warning: Wire user_project_wrapper.\la_data_out [81] is used but has no driver.
Warning: Wire user_project_wrapper.\la_data_out [80] is used but has no driver.
Warning: Wire user_project_wrapper.\la_data_out [79] is used but has no driver.
Warning: Wire user_project_wrapper.\la_data_out [78] is used but has no driver.
Warning: Wire user_project_wrapper.\la_data_out [77] is used but has no driver.
Warning: Wire user_project_wrapper.\la_data_out [76] is used but has no driver.
Warning: Wire user_project_wrapper.\la_data_out [75] is used but has no driver.
Warning: Wire user_project_wrapper.\la_data_out [74] is used but has no driver.
Warning: Wire user_project_wrapper.\la_data_out [73] is used but has no driver.
Warning: Wire user_project_wrapper.\la_data_out [72] is used but has no driver.
Warning: Wire user_project_wrapper.\la_data_out [71] is used but has no driver.
Warning: Wire user_project_wrapper.\la_data_out [70] is used but has no driver.
Warning: Wire user_project_wrapper.\la_data_out [69] is used but has no driver.
Warning: Wire user_project_wrapper.\la_data_out [68] is used but has no driver.
Warning: Wire user_project_wrapper.\la_data_out [67] is used but has no driver.
Warning: Wire user_project_wrapper.\la_data_out [66] is used but has no driver.
Warning: Wire user_project_wrapper.\la_data_out [65] is used but has no driver.
Warning: Wire user_project_wrapper.\la_data_out [64] is used but has no driver.
Warning: Wire user_project_wrapper.\la_data_out [63] is used but has no driver.
Warning: Wire user_project_wrapper.\la_data_out [62] is used but has no driver.
Warning: Wire user_project_wrapper.\la_data_out [61] is used but has no driver.
Warning: Wire user_project_wrapper.\la_data_out [60] is used but has no driver.
Warning: Wire user_project_wrapper.\la_data_out [59] is used but has no driver.
Warning: Wire user_project_wrapper.\la_data_out [58] is used but has no driver.
Warning: Wire user_project_wrapper.\la_data_out [57] is used but has no driver.
Warning: Wire user_project_wrapper.\la_data_out [56] is used but has no driver.
Warning: Wire user_project_wrapper.\la_data_out [55] is used but has no driver.
Warning: Wire user_project_wrapper.\la_data_out [54] is used but has no driver.
Warning: Wire user_project_wrapper.\la_data_out [53] is used but has no driver.
Warning: Wire user_project_wrapper.\la_data_out [52] is used but has no driver.
Warning: Wire user_project_wrapper.\la_data_out [51] is used but has no driver.
Warning: Wire user_project_wrapper.\la_data_out [50] is used but has no driver.
Warning: Wire user_project_wrapper.\la_data_out [49] is used but has no driver.
Warning: Wire user_project_wrapper.\la_data_out [48] is used but has no driver.
Warning: Wire user_project_wrapper.\la_data_out [47] is used but has no driver.
Warning: Wire user_project_wrapper.\la_data_out [46] is used but has no driver.
Warning: Wire user_project_wrapper.\la_data_out [45] is used but has no driver.
Warning: Wire user_project_wrapper.\la_data_out [44] is used but has no driver.
Warning: Wire user_project_wrapper.\la_data_out [43] is used but has no driver.
Warning: Wire user_project_wrapper.\la_data_out [42] is used but has no driver.
Warning: Wire user_project_wrapper.\la_data_out [41] is used but has no driver.
Warning: Wire user_project_wrapper.\la_data_out [40] is used but has no driver.
Warning: Wire user_project_wrapper.\la_data_out [39] is used but has no driver.
Warning: Wire user_project_wrapper.\la_data_out [38] is used but has no driver.
Warning: Wire user_project_wrapper.\la_data_out [37] is used but has no driver.
Warning: Wire user_project_wrapper.\la_data_out [36] is used but has no driver.
Warning: Wire user_project_wrapper.\la_data_out [35] is used but has no driver.
Warning: Wire user_project_wrapper.\la_data_out [34] is used but has no driver.
Warning: Wire user_project_wrapper.\la_data_out [33] is used but has no driver.
Warning: Wire user_project_wrapper.\la_data_out [32] is used but has no driver.
Warning: Wire user_project_wrapper.\la_data_out [7] is used but has no driver.
Warning: Wire user_project_wrapper.\la_data_out [6] is used but has no driver.
Warning: Wire user_project_wrapper.\la_data_out [5] is used but has no driver.
Warning: Wire user_project_wrapper.\la_data_out [4] is used but has no driver.
Warning: Wire user_project_wrapper.\la_data_out [3] is used but has no driver.
Warning: Wire user_project_wrapper.\la_data_out [2] is used but has no driver.
Warning: Wire user_project_wrapper.\la_data_out [1] is used but has no driver.
Warning: Wire user_project_wrapper.\la_data_out [0] is used but has no driver.
Warning: Wire user_project_wrapper.\io_out [37] is used but has no driver.
Warning: Wire user_project_wrapper.\io_out [36] is used but has no driver.
Warning: Wire user_project_wrapper.\io_out [35] is used but has no driver.
Warning: Wire user_project_wrapper.\io_out [34] is used but has no driver.
Warning: Wire user_project_wrapper.\io_out [33] is used but has no driver.
Warning: Wire user_project_wrapper.\io_out [32] is used but has no driver.
Warning: Wire user_project_wrapper.\io_out [31] is used but has no driver.
Warning: Wire user_project_wrapper.\io_out [30] is used but has no driver.
Warning: Wire user_project_wrapper.\io_out [29] is used but has no driver.
Warning: Wire user_project_wrapper.\io_out [28] is used but has no driver.
Warning: Wire user_project_wrapper.\io_out [27] is used but has no driver.
Warning: Wire user_project_wrapper.\io_out [26] is used but has no driver.
Warning: Wire user_project_wrapper.\io_out [25] is used but has no driver.
Warning: Wire user_project_wrapper.\io_out [24] is used but has no driver.
Warning: Wire user_project_wrapper.\io_out [23] is used but has no driver.
Warning: Wire user_project_wrapper.\io_out [22] is used but has no driver.
Warning: Wire user_project_wrapper.\io_out [21] is used but has no driver.
Warning: Wire user_project_wrapper.\io_out [20] is used but has no driver.
Warning: Wire user_project_wrapper.\io_out [19] is used but has no driver.
Warning: Wire user_project_wrapper.\io_out [18] is used but has no driver.
Warning: Wire user_project_wrapper.\io_out [17] is used but has no driver.
Warning: Wire user_project_wrapper.\io_out [16] is used but has no driver.
Warning: Wire user_project_wrapper.\io_out [15] is used but has no driver.
Warning: Wire user_project_wrapper.\io_out [14] is used but has no driver.
Warning: Wire user_project_wrapper.\io_out [13] is used but has no driver.
Warning: Wire user_project_wrapper.\io_out [12] is used but has no driver.
Warning: Wire user_project_wrapper.\io_out [11] is used but has no driver.
Warning: Wire user_project_wrapper.\io_out [10] is used but has no driver.
Warning: Wire user_project_wrapper.\io_out [9] is used but has no driver.
Warning: Wire user_project_wrapper.\io_out [8] is used but has no driver.
Warning: Wire user_project_wrapper.\io_out [7] is used but has no driver.
Warning: Wire user_project_wrapper.\io_out [6] is used but has no driver.
Warning: Wire user_project_wrapper.\io_out [5] is used but has no driver.
Warning: Wire user_project_wrapper.\io_out [4] is used but has no driver.
Warning: Wire user_project_wrapper.\io_out [3] is used but has no driver.
Warning: Wire user_project_wrapper.\io_out [2] is used but has no driver.
Warning: Wire user_project_wrapper.\io_out [1] is used but has no driver.
Warning: Wire user_project_wrapper.\io_out [0] is used but has no driver.
Warning: Wire user_project_wrapper.\io_oeb [37] is used but has no driver.
Warning: Wire user_project_wrapper.\io_oeb [36] is used but has no driver.
Warning: Wire user_project_wrapper.\io_oeb [35] is used but has no driver.
Warning: Wire user_project_wrapper.\io_oeb [34] is used but has no driver.
Warning: Wire user_project_wrapper.\io_oeb [33] is used but has no driver.
Warning: Wire user_project_wrapper.\io_oeb [32] is used but has no driver.
Warning: Wire user_project_wrapper.\io_oeb [31] is used but has no driver.
Warning: Wire user_project_wrapper.\io_oeb [30] is used but has no driver.
Warning: Wire user_project_wrapper.\io_oeb [29] is used but has no driver.
Warning: Wire user_project_wrapper.\io_oeb [28] is used but has no driver.
Warning: Wire user_project_wrapper.\io_oeb [27] is used but has no driver.
Warning: Wire user_project_wrapper.\io_oeb [26] is used but has no driver.
Warning: Wire user_project_wrapper.\io_oeb [25] is used but has no driver.
Warning: Wire user_project_wrapper.\io_oeb [24] is used but has no driver.
Warning: Wire user_project_wrapper.\io_oeb [23] is used but has no driver.
Warning: Wire user_project_wrapper.\io_oeb [22] is used but has no driver.
Warning: Wire user_project_wrapper.\io_oeb [21] is used but has no driver.
Warning: Wire user_project_wrapper.\io_oeb [20] is used but has no driver.
Warning: Wire user_project_wrapper.\io_oeb [19] is used but has no driver.
Warning: Wire user_project_wrapper.\io_oeb [18] is used but has no driver.
Warning: Wire user_project_wrapper.\io_oeb [17] is used but has no driver.
Warning: Wire user_project_wrapper.\io_oeb [16] is used but has no driver.
Warning: Wire user_project_wrapper.\io_oeb [15] is used but has no driver.
Warning: Wire user_project_wrapper.\io_oeb [14] is used but has no driver.
Warning: Wire user_project_wrapper.\io_oeb [13] is used but has no driver.
Warning: Wire user_project_wrapper.\io_oeb [12] is used but has no driver.
Warning: Wire user_project_wrapper.\io_oeb [11] is used but has no driver.
Warning: Wire user_project_wrapper.\io_oeb [10] is used but has no driver.
Warning: Wire user_project_wrapper.\io_oeb [9] is used but has no driver.
Warning: Wire user_project_wrapper.\io_oeb [8] is used but has no driver.
Warning: Wire user_project_wrapper.\io_oeb [7] is used but has no driver.
Warning: Wire user_project_wrapper.\io_oeb [6] is used but has no driver.
Warning: Wire user_project_wrapper.\io_oeb [5] is used but has no driver.
Warning: Wire user_project_wrapper.\io_oeb [4] is used but has no driver.
Warning: Wire user_project_wrapper.\io_oeb [3] is used but has no driver.
Warning: Wire user_project_wrapper.\io_oeb [2] is used but has no driver.
Warning: Wire user_project_wrapper.\io_oeb [1] is used but has no driver.
Warning: Wire user_project_wrapper.\io_oeb [0] is used but has no driver.
Found and reported 216 problems.

12. Printing statistics.

=== user_project_wrapper ===

   Number of wires:                 53
   Number of wire bits:            671
   Number of public wires:          25
   Number of public wire bits:     643
   Number of memories:               0
   Number of memory bits:            0
   Number of processes:              0
   Number of cells:                  7
     digital_unison                  6
     filter_p_m                      1

   Area for cell type \digital_unison is unknown!
   Area for cell type \filter_p_m is unknown!

13. Executing Verilog backend.

13.1. Executing BMUXMAP pass.

13.2. Executing DEMUXMAP pass.
Dumping module `\user_project_wrapper'.

Warnings: 248 unique messages, 258 total
End of script. Logfile hash: 35aad08b44, CPU: user 0.14s system 0.01s, MEM: 21.90 MB peak
Yosys 0.20+70 (git sha1 6e907acf86d, gcc 8.3.1 -fPIC -Os)
Time spent: 83% 2x stat (0 sec), 4% 10x read_verilog (0 sec), ...
