OpenROAD 4174c3ad802d2ac1d04d387d2c4b883903f6647e 
This program is licensed under the BSD-3 license. See the LICENSE file for details.
Components of this program may be licensed under more restrictive licenses which must be honored.
[INFO ODB-0222] Reading LEF file: /local_disk/fossi_cochlea/openlane/user_project_wrapper/runs/22_09_16_14_33/tmp/merged.nom.lef
[WARNING ODB-0220] WARNING (LEFPARS-2036): SOURCE statement is obsolete in version 5.6 and later.
The LEF parser will ignore this statement.
To avoid this warning in the future, remove this statement from the LEF file with version 5.6 or later. See file /local_disk/fossi_cochlea/openlane/user_project_wrapper/runs/22_09_16_14_33/tmp/merged.nom.lef at line 68342.

[INFO ODB-0223]     Created 13 technology layers
[INFO ODB-0224]     Created 25 technology vias
[INFO ODB-0225]     Created 443 library cells
[INFO ODB-0226] Finished LEF file:  /local_disk/fossi_cochlea/openlane/user_project_wrapper/runs/22_09_16_14_33/tmp/merged.nom.lef
[INFO ODB-0127] Reading DEF file: /local_disk/fossi_cochlea/openlane/user_project_wrapper/runs/22_09_16_14_33/tmp/placement/7-global.buffers_removed.def
[INFO ODB-0128] Design: user_project_wrapper
[INFO ODB-0130]     Created 645 pins.
[INFO ODB-0131]     Created 8 components and 651 component-terminals.
[INFO ODB-0132]     Created 8 special nets and 16 connections.
[INFO ODB-0133]     Created 672 nets and 103 connections.
[INFO ODB-0134] Finished DEF file: /local_disk/fossi_cochlea/openlane/user_project_wrapper/runs/22_09_16_14_33/tmp/placement/7-global.buffers_removed.def
Placement Analysis
---------------------------------
total displacement          0.1 u
average displacement        0.0 u
max displacement            0.1 u
original HPWL           99518.1 u
legalized HPWL          99518.1 u
delta HPWL                    0 %

[INFO DPL-0020] Mirrored 1 instances
[INFO DPL-0021] HPWL before           99518.1 u
[INFO DPL-0022] HPWL after            99518.1 u
[INFO DPL-0023] HPWL delta                0.0 %
