OpenROAD 4174c3ad802d2ac1d04d387d2c4b883903f6647e 
This program is licensed under the BSD-3 license. See the LICENSE file for details.
Components of this program may be licensed under more restrictive licenses which must be honored.
[INFO ODB-0222] Reading LEF file: /local_disk/fossi_cochlea/openlane/user_project_wrapper/runs/22_09_12_16_44/tmp/merged.nom.lef
[WARNING ODB-0220] WARNING (LEFPARS-2036): SOURCE statement is obsolete in version 5.6 and later.
The LEF parser will ignore this statement.
To avoid this warning in the future, remove this statement from the LEF file with version 5.6 or later. See file /local_disk/fossi_cochlea/openlane/user_project_wrapper/runs/22_09_12_16_44/tmp/merged.nom.lef at line 68342.

[INFO ODB-0223]     Created 13 technology layers
[INFO ODB-0224]     Created 25 technology vias
[INFO ODB-0225]     Created 442 library cells
[INFO ODB-0226] Finished LEF file:  /local_disk/fossi_cochlea/openlane/user_project_wrapper/runs/22_09_12_16_44/tmp/merged.nom.lef
[WARNING ORD-1011] LEF master digital_unison has no liberty cell.
[INFO]: Setting output delay to: 8.0
[INFO]: Setting input delay to: 8.0
[INFO]: Setting load to: 0.033442
[INFO]: Setting clock uncertainty to: 0.25
[INFO]: Setting clock transition to: 0.15
[INFO]: Setting timing derate to: 0.5 %
[INFO IFP-0001] Added 1286 rows of 6323 sites.
[INFO IFP-0030] Inserted 0 tiecells using sky130_fd_sc_hd__conb_1/LO.
[INFO IFP-0030] Inserted 0 tiecells using sky130_fd_sc_hd__conb_1/HI.
[INFO] Extracting DIE_AREA and CORE_AREA from the floorplan
[INFO] Floorplanned on a die area of 0.0 0.0 2920.0 3520.0 (microns). Saving to /local_disk/fossi_cochlea/openlane/user_project_wrapper/runs/22_09_12_16_44/reports/floorplan/3-initial_fp_die_area.rpt.
[INFO] Floorplanned on a core area of 5.52 10.88 2914.1 3508.8 (microns). Saving to /local_disk/fossi_cochlea/openlane/user_project_wrapper/runs/22_09_12_16_44/reports/floorplan/3-initial_fp_core_area.rpt.
