OpenROAD 4174c3ad802d2ac1d04d387d2c4b883903f6647e 
This program is licensed under the BSD-3 license. See the LICENSE file for details.
Components of this program may be licensed under more restrictive licenses which must be honored.
[INFO ODB-0222] Reading LEF file: /local_disk/fossi_cochlea/openlane/user_project_wrapper/runs/22_09_12_16_44/tmp/merged.nom.lef
[WARNING ODB-0220] WARNING (LEFPARS-2036): SOURCE statement is obsolete in version 5.6 and later.
The LEF parser will ignore this statement.
To avoid this warning in the future, remove this statement from the LEF file with version 5.6 or later. See file /local_disk/fossi_cochlea/openlane/user_project_wrapper/runs/22_09_12_16_44/tmp/merged.nom.lef at line 68342.

[INFO ODB-0223]     Created 13 technology layers
[INFO ODB-0224]     Created 25 technology vias
[INFO ODB-0225]     Created 442 library cells
[INFO ODB-0226] Finished LEF file:  /local_disk/fossi_cochlea/openlane/user_project_wrapper/runs/22_09_12_16_44/tmp/merged.nom.lef
[INFO ODB-0127] Reading DEF file: /local_disk/fossi_cochlea/openlane/user_project_wrapper/runs/22_09_12_16_44/tmp/routing/16-global.def
[INFO ODB-0128] Design: user_project_wrapper
[INFO ODB-0094] 		Created 100000 Insts
[INFO ODB-0130]     Created 645 pins.
[INFO ODB-0131]     Created 125746 components and 258510 component-terminals.
[INFO ODB-0132]     Created 8 special nets and 257880 connections.
[INFO ODB-0133]     Created 637 nets and 42 connections.
[INFO ODB-0134] Finished DEF file: /local_disk/fossi_cochlea/openlane/user_project_wrapper/runs/22_09_12_16_44/tmp/routing/16-global.def
[INFO ORD-0030] Using 2 thread(s).
[INFO DRT-0149] Reading tech and libs.

Units:                1000
Number of layers:     13
Number of macros:     442
Number of vias:       25
Number of viarulegen: 25

[INFO DRT-0150] Reading design.

Design:                   user_project_wrapper
Die area:                 ( 0 0 ) ( 2920000 3520000 )
Number of track patterns: 12
Number of DEF vias:       1
Number of components:     125746
Number of terminals:      645
Number of snets:          8
Number of nets:           637

[INFO DRT-0167] List of default vias:
  Layer mcon
    default via: L1M1_PR
  Layer via
    default via: M1M2_PR
  Layer via2
    default via: M2M3_PR
  Layer via3
    default via: M3M4_PR
  Layer via4
    default via: M4M5_PR
[INFO DRT-0162] Library cell analysis.
[INFO DRT-0163] Instance analysis.
  Complete 10000 instances.
  Complete 20000 instances.
  Complete 30000 instances.
  Complete 40000 instances.
  Complete 50000 instances.
  Complete 60000 instances.
  Complete 70000 instances.
  Complete 80000 instances.
  Complete 90000 instances.
  Complete 100000 instances.
[INFO DRT-0164] Number of unique instances = 12.
[INFO DRT-0168] Init region query.
[INFO DRT-0018]   Complete 10000 insts.
[INFO DRT-0018]   Complete 20000 insts.
[INFO DRT-0018]   Complete 30000 insts.
[INFO DRT-0018]   Complete 40000 insts.
[INFO DRT-0018]   Complete 50000 insts.
[INFO DRT-0018]   Complete 60000 insts.
[INFO DRT-0018]   Complete 70000 insts.
[INFO DRT-0018]   Complete 80000 insts.
[INFO DRT-0018]   Complete 90000 insts.
[INFO DRT-0019]   Complete 100000 insts.
[INFO DRT-0024]   Complete FR_MASTERSLICE.
[INFO DRT-0024]   Complete FR_VIA.
[INFO DRT-0024]   Complete li1.
[INFO DRT-0024]   Complete mcon.
[INFO DRT-0024]   Complete met1.
[INFO DRT-0024]   Complete via.
[INFO DRT-0024]   Complete met2.
[INFO DRT-0024]   Complete via2.
[INFO DRT-0024]   Complete met3.
[INFO DRT-0024]   Complete via3.
[INFO DRT-0024]   Complete met4.
[INFO DRT-0024]   Complete via4.
[INFO DRT-0024]   Complete met5.
[INFO DRT-0033] FR_MASTERSLICE shape region query size = 0.
[INFO DRT-0033] FR_VIA shape region query size = 0.
[INFO DRT-0033] li1 shape region query size = 509366.
[INFO DRT-0033] mcon shape region query size = 264280.
[INFO DRT-0033] met1 shape region query size = 251486.
[INFO DRT-0033] via shape region query size = 0.
[INFO DRT-0033] met2 shape region query size = 1700.
[INFO DRT-0033] via2 shape region query size = 0.
[INFO DRT-0033] met3 shape region query size = 227.
[INFO DRT-0033] via3 shape region query size = 0.
[INFO DRT-0033] met4 shape region query size = 4018.
[INFO DRT-0033] via4 shape region query size = 12064.
[INFO DRT-0033] met5 shape region query size = 3360.
[INFO DRT-0165] Start pin access.
[INFO DRT-0078]   Complete 42 pins.
[INFO DRT-0081]   Complete 0 unique inst patterns.
[INFO DRT-0084]   Complete 0 groups.
#scanned instances     = 125746
#unique  instances     = 12
#stdCellGenAp          = 0
#stdCellValidPlanarAp  = 0
#stdCellValidViaAp     = 0
#stdCellPinNoAp        = 0
#stdCellPinCnt         = 0
#instTermValidViaApCnt = 0
#macroGenAp            = 168
#macroValidPlanarAp    = 168
#macroValidViaAp       = 156
#macroNoAp             = 0
[INFO DRT-0166] Complete pin access.
[INFO DRT-0267] cpu time = 00:00:00, elapsed time = 00:00:00, memory = 471.70 (MB), peak = 471.70 (MB)

Number of guides:     254

[INFO DRT-0169] Post process guides.
[INFO DRT-0176] GCELLGRID X 0 DO 423 STEP 6900 ;
[INFO DRT-0177] GCELLGRID Y 0 DO 510 STEP 6900 ;
[INFO DRT-0028]   Complete FR_MASTERSLICE.
[INFO DRT-0028]   Complete FR_VIA.
[INFO DRT-0028]   Complete li1.
[INFO DRT-0028]   Complete mcon.
[INFO DRT-0028]   Complete met1.
[INFO DRT-0028]   Complete via.
[INFO DRT-0028]   Complete met2.
[INFO DRT-0028]   Complete via2.
[INFO DRT-0028]   Complete met3.
[INFO DRT-0028]   Complete via3.
[INFO DRT-0028]   Complete met4.
[INFO DRT-0028]   Complete via4.
[INFO DRT-0028]   Complete met5.
[INFO DRT-0178] Init guide query.
[INFO DRT-0035]   Complete FR_MASTERSLICE (guide).
[INFO DRT-0035]   Complete FR_VIA (guide).
[INFO DRT-0035]   Complete li1 (guide).
[INFO DRT-0035]   Complete mcon (guide).
[INFO DRT-0035]   Complete met1 (guide).
[INFO DRT-0035]   Complete via (guide).
[INFO DRT-0035]   Complete met2 (guide).
[INFO DRT-0035]   Complete via2 (guide).
[INFO DRT-0035]   Complete met3 (guide).
[INFO DRT-0035]   Complete via3 (guide).
[INFO DRT-0035]   Complete met4 (guide).
[INFO DRT-0035]   Complete via4 (guide).
[INFO DRT-0035]   Complete met5 (guide).
[INFO DRT-0036] FR_MASTERSLICE guide region query size = 0.
[INFO DRT-0036] FR_VIA guide region query size = 0.
[INFO DRT-0036] li1 guide region query size = 0.
[INFO DRT-0036] mcon guide region query size = 0.
[INFO DRT-0036] met1 guide region query size = 23.
[INFO DRT-0036] via guide region query size = 0.
[INFO DRT-0036] met2 guide region query size = 62.
[INFO DRT-0036] via2 guide region query size = 0.
[INFO DRT-0036] met3 guide region query size = 49.
[INFO DRT-0036] via3 guide region query size = 0.
[INFO DRT-0036] met4 guide region query size = 7.
[INFO DRT-0036] via4 guide region query size = 0.
[INFO DRT-0036] met5 guide region query size = 0.
[INFO DRT-0179] Init gr pin query.
[INFO DRT-0245] skipped writing guide updates to database.
[INFO DRT-0185] Post process initialize RPin region query.
[INFO DRT-0181] Start track assignment.
[INFO DRT-0184] Done with 69 vertical wires in 9 frboxes and 72 horizontal wires in 11 frboxes.
[INFO DRT-0186] Done with 3 vertical wires in 9 frboxes and 1 horizontal wires in 11 frboxes.
[INFO DRT-0182] Complete track assignment.
[INFO DRT-0267] cpu time = 00:00:01, elapsed time = 00:00:00, memory = 507.13 (MB), peak = 535.36 (MB)
[INFO DRT-0187] Start routing data preparation.
[INFO DRT-0267] cpu time = 00:00:00, elapsed time = 00:00:00, memory = 507.13 (MB), peak = 535.36 (MB)
[INFO DRT-0194] Start detail routing.
[INFO DRT-0195] Start 0th optimization iteration.
    Completing 10% with 0 violations.
    elapsed time = 00:00:03, memory = 878.32 (MB).
    Completing 20% with 0 violations.
    elapsed time = 00:00:06, memory = 1221.87 (MB).
    Completing 30% with 0 violations.
    elapsed time = 00:00:09, memory = 1000.56 (MB).
    Completing 40% with 0 violations.
    elapsed time = 00:00:12, memory = 1179.69 (MB).
    Completing 50% with 0 violations.
    elapsed time = 00:00:15, memory = 932.38 (MB).
    Completing 60% with 0 violations.
    elapsed time = 00:00:19, memory = 1071.62 (MB).
    Completing 70% with 0 violations.
    elapsed time = 00:00:22, memory = 1258.80 (MB).
    Completing 80% with 0 violations.
    elapsed time = 00:00:25, memory = 998.45 (MB).
    Completing 90% with 0 violations.
    elapsed time = 00:00:28, memory = 1179.05 (MB).
    Completing 100% with 0 violations.
    elapsed time = 00:00:31, memory = 903.99 (MB).
[INFO DRT-0199]   Number of violations = 0.
[INFO DRT-0267] cpu time = 00:01:02, elapsed time = 00:00:31, memory = 903.99 (MB), peak = 1351.84 (MB)
Total wire length = 52030 um.
Total wire length on LAYER li1 = 0 um.
Total wire length on LAYER met1 = 6586 um.
Total wire length on LAYER met2 = 26520 um.
Total wire length on LAYER met3 = 3991 um.
Total wire length on LAYER met4 = 14932 um.
Total wire length on LAYER met5 = 0 um.
Total number of vias = 102.
Up-via summary (total 102):.

----------------------
 FR_MASTERSLICE      0
            li1      0
           met1     44
           met2     44
           met3     14
           met4      0
----------------------
                   102


[INFO DRT-0198] Complete detail routing.
Total wire length = 52030 um.
Total wire length on LAYER li1 = 0 um.
Total wire length on LAYER met1 = 6586 um.
Total wire length on LAYER met2 = 26520 um.
Total wire length on LAYER met3 = 3991 um.
Total wire length on LAYER met4 = 14932 um.
Total wire length on LAYER met5 = 0 um.
Total number of vias = 102.
Up-via summary (total 102):.

----------------------
 FR_MASTERSLICE      0
            li1      0
           met1     44
           met2     44
           met3     14
           met4      0
----------------------
                   102


[INFO DRT-0267] cpu time = 00:01:02, elapsed time = 00:00:31, memory = 904.04 (MB), peak = 1351.84 (MB)

[INFO DRT-0180] Post processing.
Saving to /local_disk/fossi_cochlea/openlane/user_project_wrapper/runs/22_09_12_16_44/results/routing/user_project_wrapper.def
