Equate elements:  no current cell.
Equate elements:  no current cell.
Equate elements:  no current cell.
Equate elements:  no current cell.
Equate elements:  no current cell.
Equate elements:  no current cell.
Flattening unmatched subcell filter_clkgen_balanced_clks in circuit for_lvs.spice (1)(1 instance)
Flattening unmatched subcell comp_clks in circuit for_lvs.spice (1)(3 instances)
Flattening unmatched subcell transmission_gate in circuit for_lvs.spice (1)(3 instances)
Flattening unmatched subcell inv in circuit for_lvs.spice (1)(9 instances)
Flattening unmatched subcell comp_clks_1stage in circuit for_lvs.spice (1)(2 instances)
Flattening unmatched subcell transmission_gate in circuit for_lvs.spice (1)(2 instances)
Flattening unmatched subcell inv in circuit for_lvs.spice (1)(2 instances)
Flattening unmatched subcell inv_weak_pulldown in circuit for_lvs.spice (1)(4 instances)
Flattening unmatched subcell inv_weak_pullup in circuit for_lvs.spice (1)(2 instances)
Flattening unmatched subcell level_up_shifter_no_inv in circuit for_lvs.spice (1)(2 instances)
Flattening unmatched subcell analogMux in circuit for_lvs.spice (1)(6 instances)
Flattening unmatched subcell comparator_single_tail in circuit for_lvs.spice (1)(1 instance)
Flattening unmatched subcell tg in circuit for_lvs.spice (1)(16 instances)

Class filter_p_m.spice (0):  Merged 284 parallel devices.
Class for_lvs.spice (1):  Merged 24 parallel devices.
Subcircuit summary:
Circuit 1: filter_p_m.spice                |Circuit 2: for_lvs.spice                   
-------------------------------------------|-------------------------------------------
sky130_fd_pr__pfet_01v8 (78->62)           |sky130_fd_pr__pfet_01v8 (104->62)          
sky130_fd_pr__nfet_01v8 (118->62)          |sky130_fd_pr__nfet_01v8 (118->62)          
sky130_fd_pr__cap_mim_m3_1 (120->14)       |sky130_fd_pr__cap_mim_m3_1 (120->14)       
sky130_fd_pr__cap_mim_m3_2 (112->6)        |sky130_fd_pr__cap_mim_m3_2 (112->6)        
sky130_fd_pr__nfet_01v8_lvt (5)            |sky130_fd_pr__nfet_01v8_lvt (5)            
sky130_fd_pr__nfet_03v3_nvt (2)            |sky130_fd_pr__nfet_03v3_nvt (2)            
Number of devices: 151                     |Number of devices: 151                     
Number of nets: 76                         |Number of nets: 76                         
---------------------------------------------------------------------------------------
Resolving automorphisms by property value.
Resolving automorphisms by pin name.
Netlists match with 57 symmetries.
Circuits match correctly.
There were property errors.
sky130_fd_pr__nfet_03v3_nvt:428 vs. comparator_single_tail:3/sky130_fd_pr__nfet_03v3_nvt:M12:
 ps circuit1: "0"   (unresolved expression)  (property type mismatch)
 as circuit1: "0"   (unresolved expression)  (property type mismatch)
 pd circuit1: "0"   (unresolved expression)  (property type mismatch)
 ad circuit1: "0"   (unresolved expression)  (property type mismatch)
sky130_fd_pr__nfet_03v3_nvt:428 vs. comparator_single_tail:3/sky130_fd_pr__nfet_03v3_nvt:M12:
Property mult in circuit2 has no matching property in circuit1
sky130_fd_pr__nfet_03v3_nvt:428 vs. comparator_single_tail:3/sky130_fd_pr__nfet_03v3_nvt:M12:
Property sd in circuit2 has no matching property in circuit1
sky130_fd_pr__nfet_03v3_nvt:428 vs. comparator_single_tail:3/sky130_fd_pr__nfet_03v3_nvt:M12:
Property sb in circuit2 has no matching property in circuit1
sky130_fd_pr__nfet_03v3_nvt:428 vs. comparator_single_tail:3/sky130_fd_pr__nfet_03v3_nvt:M12:
Property sa in circuit2 has no matching property in circuit1
sky130_fd_pr__nfet_03v3_nvt:428 vs. comparator_single_tail:3/sky130_fd_pr__nfet_03v3_nvt:M12:
Property nrs in circuit2 has no matching property in circuit1
sky130_fd_pr__nfet_03v3_nvt:428 vs. comparator_single_tail:3/sky130_fd_pr__nfet_03v3_nvt:M12:
Property nrd in circuit2 has no matching property in circuit1
sky130_fd_pr__nfet_03v3_nvt:428 vs. comparator_single_tail:3/sky130_fd_pr__nfet_03v3_nvt:M12:
Property nf in circuit2 has no matching property in circuit1
sky130_fd_pr__nfet_03v3_nvt:432 vs. comparator_single_tail:3/sky130_fd_pr__nfet_03v3_nvt:M13:
 ps circuit1: "0"   (unresolved expression)  (property type mismatch)
 as circuit1: "0"   (unresolved expression)  (property type mismatch)
 pd circuit1: "0"   (unresolved expression)  (property type mismatch)
 ad circuit1: "0"   (unresolved expression)  (property type mismatch)
sky130_fd_pr__nfet_03v3_nvt:432 vs. comparator_single_tail:3/sky130_fd_pr__nfet_03v3_nvt:M13:
Property mult in circuit2 has no matching property in circuit1
sky130_fd_pr__nfet_03v3_nvt:432 vs. comparator_single_tail:3/sky130_fd_pr__nfet_03v3_nvt:M13:
Property sd in circuit2 has no matching property in circuit1
sky130_fd_pr__nfet_03v3_nvt:432 vs. comparator_single_tail:3/sky130_fd_pr__nfet_03v3_nvt:M13:
Property sb in circuit2 has no matching property in circuit1
sky130_fd_pr__nfet_03v3_nvt:432 vs. comparator_single_tail:3/sky130_fd_pr__nfet_03v3_nvt:M13:
Property sa in circuit2 has no matching property in circuit1
sky130_fd_pr__nfet_03v3_nvt:432 vs. comparator_single_tail:3/sky130_fd_pr__nfet_03v3_nvt:M13:
Property nrs in circuit2 has no matching property in circuit1
sky130_fd_pr__nfet_03v3_nvt:432 vs. comparator_single_tail:3/sky130_fd_pr__nfet_03v3_nvt:M13:
Property nrd in circuit2 has no matching property in circuit1
sky130_fd_pr__nfet_03v3_nvt:432 vs. comparator_single_tail:3/sky130_fd_pr__nfet_03v3_nvt:M13:
Property nf in circuit2 has no matching property in circuit1
sky130_fd_pr__cap_mim_m3_2:152 vs. sky130_fd_pr__cap_mim_m3_2:C2:
Property VM in circuit2 has no matching property in circuit1
sky130_fd_pr__cap_mim_m3_2:296 vs. sky130_fd_pr__cap_mim_m3_2:C12:
Property VM in circuit2 has no matching property in circuit1
sky130_fd_pr__cap_mim_m3_2:247 vs. sky130_fd_pr__cap_mim_m3_2:C4:
Property VM in circuit2 has no matching property in circuit1
sky130_fd_pr__cap_mim_m3_2:391 vs. sky130_fd_pr__cap_mim_m3_2:C14:
Property VM in circuit2 has no matching property in circuit1
sky130_fd_pr__cap_mim_m3_2:223 vs. sky130_fd_pr__cap_mim_m3_2:C6:
Property VM in circuit2 has no matching property in circuit1
sky130_fd_pr__cap_mim_m3_2:367 vs. sky130_fd_pr__cap_mim_m3_2:C16:
Property VM in circuit2 has no matching property in circuit1
sky130_fd_pr__cap_mim_m3_1:365 vs. sky130_fd_pr__cap_mim_m3_1:C17:
 w circuit1: 6.7   circuit2: 6   (delta=11%, cutoff=1%)
 l circuit1: 6   circuit2: 6.7   (delta=11%, cutoff=1%)
sky130_fd_pr__cap_mim_m3_1:221 vs. sky130_fd_pr__cap_mim_m3_1:C7:
 w circuit1: 6.7   circuit2: 6   (delta=11%, cutoff=1%)
 l circuit1: 6   circuit2: 6.7   (delta=11%, cutoff=1%)
sky130_fd_pr__nfet_01v8:51 vs. filter_clkgen_balanced_clks:1/comp_clks:7/inv:4/sky130_fd_pr__nfet_01v8:M1:
 w circuit1: 0.42   circuit2: 1   (delta=81.7%, cutoff=7%)
sky130_fd_pr__nfet_01v8:48 vs. filter_clkgen_balanced_clks:1/comp_clks:7/inv:2/sky130_fd_pr__nfet_01v8:M1:
 w circuit1: 0.42   circuit2: 1   (delta=81.7%, cutoff=7%)
sky130_fd_pr__nfet_01v8:33 vs. filter_clkgen_balanced_clks:1/comp_clks:4/inv:4/sky130_fd_pr__nfet_01v8:M1:
 w circuit1: 0.42   circuit2: 1   (delta=81.7%, cutoff=7%)
sky130_fd_pr__nfet_01v8:30 vs. filter_clkgen_balanced_clks:1/comp_clks:4/inv:2/sky130_fd_pr__nfet_01v8:M1:
 w circuit1: 0.42   circuit2: 1   (delta=81.7%, cutoff=7%)
sky130_fd_pr__nfet_01v8:27 vs. filter_clkgen_balanced_clks:1/comp_clks:4/inv:1/sky130_fd_pr__nfet_01v8:M1:
 w circuit1: 0.42   circuit2: 1   (delta=81.7%, cutoff=7%)
sky130_fd_pr__nfet_01v8:45 vs. filter_clkgen_balanced_clks:1/comp_clks:7/inv:1/sky130_fd_pr__nfet_01v8:M1:
 w circuit1: 0.42   circuit2: 1   (delta=81.7%, cutoff=7%)
sky130_fd_pr__nfet_01v8:9 vs. filter_clkgen_balanced_clks:1/comp_clks:10/inv:1/sky130_fd_pr__nfet_01v8:M1:
 w circuit1: 0.42   circuit2: 1   (delta=81.7%, cutoff=7%)
sky130_fd_pr__nfet_01v8:97 vs. filter_clkgen_balanced_clks:1/comp_clks_1stage:11/inv:1/sky130_fd_pr__nfet_01v8:M1:
 w circuit1: 0.42   circuit2: 1   (delta=81.7%, cutoff=7%)
sky130_fd_pr__nfet_01v8:57 vs. filter_clkgen_balanced_clks:1/comp_clks_1stage:1/inv:1/sky130_fd_pr__nfet_01v8:M1:
 w circuit1: 0.42   circuit2: 1   (delta=81.7%, cutoff=7%)
sky130_fd_pr__nfet_01v8:15 vs. filter_clkgen_balanced_clks:1/comp_clks:10/inv:4/sky130_fd_pr__nfet_01v8:M1:
 w circuit1: 0.42   circuit2: 1   (delta=81.7%, cutoff=7%)
sky130_fd_pr__nfet_01v8:12 vs. filter_clkgen_balanced_clks:1/comp_clks:10/inv:2/sky130_fd_pr__nfet_01v8:M1:
 w circuit1: 0.42   circuit2: 1   (delta=81.7%, cutoff=7%)
sky130_fd_pr__nfet_01v8:149 vs. tg:20/sky130_fd_pr__nfet_01v8:M1:
 l circuit1: 0.15   circuit2: 0.18   (delta=18.2%, cutoff=1%)
sky130_fd_pr__nfet_01v8:293 vs. tg:21/sky130_fd_pr__nfet_01v8:M1:
 l circuit1: 0.15   circuit2: 0.18   (delta=18.2%, cutoff=1%)
sky130_fd_pr__nfet_01v8:287 vs. tg:22/sky130_fd_pr__nfet_01v8:M1:
 l circuit1: 0.15   circuit2: 0.18   (delta=18.2%, cutoff=1%)
sky130_fd_pr__nfet_01v8:143 vs. tg:19/sky130_fd_pr__nfet_01v8:M1:
 l circuit1: 0.15   circuit2: 0.18   (delta=18.2%, cutoff=1%)
sky130_fd_pr__nfet_01v8:141 vs. tg:18/sky130_fd_pr__nfet_01v8:M1:
 l circuit1: 0.15   circuit2: 0.18   (delta=18.2%, cutoff=1%)
sky130_fd_pr__nfet_01v8:285 vs. tg:23/sky130_fd_pr__nfet_01v8:M1:
 l circuit1: 0.15   circuit2: 0.18   (delta=18.2%, cutoff=1%)
sky130_fd_pr__nfet_01v8:278 vs. tg:26/sky130_fd_pr__nfet_01v8:M1:
 l circuit1: 0.15   circuit2: 0.18   (delta=18.2%, cutoff=1%)
sky130_fd_pr__nfet_01v8:134 vs. tg:15/sky130_fd_pr__nfet_01v8:M1:
 l circuit1: 0.15   circuit2: 0.18   (delta=18.2%, cutoff=1%)
sky130_fd_pr__nfet_01v8:359 vs. tg:27/sky130_fd_pr__nfet_01v8:M1:
 l circuit1: 0.15   circuit2: 0.18   (delta=18.2%, cutoff=1%)
sky130_fd_pr__nfet_01v8:215 vs. tg:13/sky130_fd_pr__nfet_01v8:M1:
 l circuit1: 0.15   circuit2: 0.18   (delta=18.2%, cutoff=1%)
sky130_fd_pr__nfet_01v8:217 vs. tg:14/sky130_fd_pr__nfet_01v8:M1:
 l circuit1: 0.15   circuit2: 0.18   (delta=18.2%, cutoff=1%)
sky130_fd_pr__nfet_01v8:361 vs. tg:28/sky130_fd_pr__nfet_01v8:M1:
 l circuit1: 0.15   circuit2: 0.18   (delta=18.2%, cutoff=1%)
sky130_fd_pr__nfet_01v8:282 vs. tg:24/sky130_fd_pr__nfet_01v8:M1:
 l circuit1: 0.15   circuit2: 0.18   (delta=18.2%, cutoff=1%)
sky130_fd_pr__nfet_01v8:138 vs. tg:17/sky130_fd_pr__nfet_01v8:M1:
 l circuit1: 0.15   circuit2: 0.18   (delta=18.2%, cutoff=1%)
sky130_fd_pr__nfet_01v8:136 vs. tg:16/sky130_fd_pr__nfet_01v8:M1:
 l circuit1: 0.15   circuit2: 0.18   (delta=18.2%, cutoff=1%)
sky130_fd_pr__nfet_01v8:280 vs. tg:25/sky130_fd_pr__nfet_01v8:M1:
 l circuit1: 0.15   circuit2: 0.18   (delta=18.2%, cutoff=1%)
sky130_fd_pr__pfet_01v8:52 vs. filter_clkgen_balanced_clks:1/comp_clks:7/inv:4/sky130_fd_pr__pfet_01v8:M2:
 w circuit1: 0.63   circuit2: 3   (delta=131%, cutoff=7%)
sky130_fd_pr__pfet_01v8:49 vs. filter_clkgen_balanced_clks:1/comp_clks:7/inv:2/sky130_fd_pr__pfet_01v8:M2:
 w circuit1: 0.63   circuit2: 3   (delta=131%, cutoff=7%)
sky130_fd_pr__pfet_01v8:34 vs. filter_clkgen_balanced_clks:1/comp_clks:4/inv:4/sky130_fd_pr__pfet_01v8:M2:
 w circuit1: 0.63   circuit2: 3   (delta=131%, cutoff=7%)
sky130_fd_pr__pfet_01v8:31 vs. filter_clkgen_balanced_clks:1/comp_clks:4/inv:2/sky130_fd_pr__pfet_01v8:M2:
 w circuit1: 0.63   circuit2: 3   (delta=131%, cutoff=7%)
sky130_fd_pr__pfet_01v8:24 vs. filter_clkgen_balanced_clks:1/comp_clks:4/transmission_gate:3/sky130_fd_pr__pfet_01v8:M2:
 w circuit1: 1.26   circuit2: 1.68   (delta=28.6%, cutoff=7%)
sky130_fd_pr__pfet_01v8:42 vs. filter_clkgen_balanced_clks:1/comp_clks:7/transmission_gate:3/sky130_fd_pr__pfet_01v8:M2:
 w circuit1: 1.26   circuit2: 1.68   (delta=28.6%, cutoff=7%)
sky130_fd_pr__pfet_01v8:6 vs. filter_clkgen_balanced_clks:1/comp_clks:10/transmission_gate:3/sky130_fd_pr__pfet_01v8:M2:
 w circuit1: 1.26   circuit2: 1.68   (delta=28.6%, cutoff=7%)
sky130_fd_pr__pfet_01v8:39 vs. filter_clkgen_balanced_clks:1/inv_weak_pullup:6/sky130_fd_pr__pfet_01v8:M3:
 l circuit1: 0.54   circuit2: 0.18   (delta=100%, cutoff=1%)
sky130_fd_pr__pfet_01v8:21 vs. filter_clkgen_balanced_clks:1/inv_weak_pullup:3/sky130_fd_pr__pfet_01v8:M3:
 l circuit1: 0.54   circuit2: 0.18   (delta=100%, cutoff=1%)
sky130_fd_pr__pfet_01v8:94 vs. filter_clkgen_balanced_clks:1/comp_clks_1stage:11/transmission_gate:3/sky130_fd_pr__pfet_01v8:M2:
 w circuit1: 1.26   circuit2: 1.68   (delta=28.6%, cutoff=7%)
sky130_fd_pr__pfet_01v8:54 vs. filter_clkgen_balanced_clks:1/comp_clks_1stage:1/transmission_gate:3/sky130_fd_pr__pfet_01v8:M2:
 w circuit1: 1.26   circuit2: 1.68   (delta=28.6%, cutoff=7%)
sky130_fd_pr__pfet_01v8:98 vs. filter_clkgen_balanced_clks:1/comp_clks_1stage:11/inv:1/sky130_fd_pr__pfet_01v8:M2:
 w circuit1: 0.63   circuit2: 3   (delta=131%, cutoff=7%)
sky130_fd_pr__pfet_01v8:58 vs. filter_clkgen_balanced_clks:1/comp_clks_1stage:1/inv:1/sky130_fd_pr__pfet_01v8:M2:
 w circuit1: 0.63   circuit2: 3   (delta=131%, cutoff=7%)
sky130_fd_pr__pfet_01v8:28 vs. filter_clkgen_balanced_clks:1/comp_clks:4/inv:1/sky130_fd_pr__pfet_01v8:M2:
 w circuit1: 0.63   circuit2: 3   (delta=131%, cutoff=7%)
sky130_fd_pr__pfet_01v8:46 vs. filter_clkgen_balanced_clks:1/comp_clks:7/inv:1/sky130_fd_pr__pfet_01v8:M2:
 w circuit1: 0.63   circuit2: 3   (delta=131%, cutoff=7%)
sky130_fd_pr__pfet_01v8:10 vs. filter_clkgen_balanced_clks:1/comp_clks:10/inv:1/sky130_fd_pr__pfet_01v8:M2:
 w circuit1: 0.63   circuit2: 3   (delta=131%, cutoff=7%)
sky130_fd_pr__pfet_01v8:16 vs. filter_clkgen_balanced_clks:1/comp_clks:10/inv:4/sky130_fd_pr__pfet_01v8:M2:
 w circuit1: 0.63   circuit2: 3   (delta=131%, cutoff=7%)
sky130_fd_pr__pfet_01v8:13 vs. filter_clkgen_balanced_clks:1/comp_clks:10/inv:2/sky130_fd_pr__pfet_01v8:M2:
 w circuit1: 0.63   circuit2: 3   (delta=131%, cutoff=7%)
sky130_fd_pr__pfet_01v8:150 vs. tg:20/sky130_fd_pr__pfet_01v8:M2:
 l circuit1: 0.15   circuit2: 0.18   (delta=18.2%, cutoff=1%)
 w circuit1: 0.42   circuit2: 0.84   (delta=66.7%, cutoff=7%)
sky130_fd_pr__pfet_01v8:294 vs. tg:21/sky130_fd_pr__pfet_01v8:M2:
 l circuit1: 0.15   circuit2: 0.18   (delta=18.2%, cutoff=1%)
 w circuit1: 0.42   circuit2: 0.84   (delta=66.7%, cutoff=7%)
sky130_fd_pr__pfet_01v8:288 vs. tg:22/sky130_fd_pr__pfet_01v8:M2:
 l circuit1: 0.15   circuit2: 0.18   (delta=18.2%, cutoff=1%)
 w circuit1: 0.42   circuit2: 0.84   (delta=66.7%, cutoff=7%)
sky130_fd_pr__pfet_01v8:144 vs. tg:19/sky130_fd_pr__pfet_01v8:M2:
 l circuit1: 0.15   circuit2: 0.18   (delta=18.2%, cutoff=1%)
 w circuit1: 0.42   circuit2: 0.84   (delta=66.7%, cutoff=7%)
sky130_fd_pr__pfet_01v8:142 vs. tg:18/sky130_fd_pr__pfet_01v8:M2:
 l circuit1: 0.15   circuit2: 0.18   (delta=18.2%, cutoff=1%)
 w circuit1: 0.42   circuit2: 0.84   (delta=66.7%, cutoff=7%)
sky130_fd_pr__pfet_01v8:286 vs. tg:23/sky130_fd_pr__pfet_01v8:M2:
 l circuit1: 0.15   circuit2: 0.18   (delta=18.2%, cutoff=1%)
 w circuit1: 0.42   circuit2: 0.84   (delta=66.7%, cutoff=7%)
sky130_fd_pr__pfet_01v8:279 vs. tg:26/sky130_fd_pr__pfet_01v8:M2:
 l circuit1: 0.15   circuit2: 0.18   (delta=18.2%, cutoff=1%)
 w circuit1: 0.42   circuit2: 0.84   (delta=66.7%, cutoff=7%)
sky130_fd_pr__pfet_01v8:135 vs. tg:15/sky130_fd_pr__pfet_01v8:M2:
 l circuit1: 0.15   circuit2: 0.18   (delta=18.2%, cutoff=1%)
 w circuit1: 0.42   circuit2: 0.84   (delta=66.7%, cutoff=7%)
sky130_fd_pr__pfet_01v8:360 vs. tg:27/sky130_fd_pr__pfet_01v8:M2:
 l circuit1: 0.15   circuit2: 0.18   (delta=18.2%, cutoff=1%)
 w circuit1: 0.42   circuit2: 0.84   (delta=66.7%, cutoff=7%)
sky130_fd_pr__pfet_01v8:216 vs. tg:13/sky130_fd_pr__pfet_01v8:M2:
 l circuit1: 0.15   circuit2: 0.18   (delta=18.2%, cutoff=1%)
 w circuit1: 0.42   circuit2: 0.84   (delta=66.7%, cutoff=7%)
sky130_fd_pr__pfet_01v8:218 vs. tg:14/sky130_fd_pr__pfet_01v8:M2:
 l circuit1: 0.15   circuit2: 0.18   (delta=18.2%, cutoff=1%)
 w circuit1: 0.42   circuit2: 0.84   (delta=66.7%, cutoff=7%)
sky130_fd_pr__pfet_01v8:362 vs. tg:28/sky130_fd_pr__pfet_01v8:M2:
 l circuit1: 0.15   circuit2: 0.18   (delta=18.2%, cutoff=1%)
 w circuit1: 0.42   circuit2: 0.84   (delta=66.7%, cutoff=7%)
sky130_fd_pr__pfet_01v8:283 vs. tg:24/sky130_fd_pr__pfet_01v8:M2:
 l circuit1: 0.15   circuit2: 0.18   (delta=18.2%, cutoff=1%)
 w circuit1: 0.42   circuit2: 0.84   (delta=66.7%, cutoff=7%)
sky130_fd_pr__pfet_01v8:139 vs. tg:17/sky130_fd_pr__pfet_01v8:M2:
 l circuit1: 0.15   circuit2: 0.18   (delta=18.2%, cutoff=1%)
 w circuit1: 0.42   circuit2: 0.84   (delta=66.7%, cutoff=7%)
sky130_fd_pr__pfet_01v8:137 vs. tg:16/sky130_fd_pr__pfet_01v8:M2:
 l circuit1: 0.15   circuit2: 0.18   (delta=18.2%, cutoff=1%)
 w circuit1: 0.42   circuit2: 0.84   (delta=66.7%, cutoff=7%)
sky130_fd_pr__pfet_01v8:281 vs. tg:25/sky130_fd_pr__pfet_01v8:M2:
 l circuit1: 0.15   circuit2: 0.18   (delta=18.2%, cutoff=1%)
 w circuit1: 0.42   circuit2: 0.84   (delta=66.7%, cutoff=7%)
Cells have no pins;  pin matching not needed.
Device classes filter_p_m.spice and for_lvs.spice are equivalent.
Circuits match uniquely.
Property errors were found.
The following cells had property errors:
 filter_p_m.spice
